0.01	1.0197596153846153
0.02	1.0390559028402861
0.03	1.057921771526378
0.04	1.0763862656949081
0.05	1.0944751770850316
0.060000000000000005	1.1122115375175023
0.07	1.1296160191948827
0.08	1.1467072630397799
0.09	1.1635021503071419
0.09999999999999999	1.1800160290308233
0.10999999999999999	1.1962629041763408
0.11999999999999998	1.2122555983804961
0.12999999999999998	1.2280058886662253
0.13999999999999999	1.2435246233904547
0.15	1.258821822817561
0.16	1.273906766042748
0.17	1.2887880664689344
0.18000000000000002	1.3034737376316965
0.19000000000000003	1.317971250843036
0.20000000000000004	1.3322875858666015
0.21000000000000005	1.3464292756298253
0.22000000000000006	1.3604024458110904
0.23000000000000007	1.3742128500040705
0.24000000000000007	1.387865901050277
0.25000000000000006	1.4013666990395575
0.26000000000000006	1.4147200564029174
0.2700000000000001	1.4279305204594945
0.2800000000000001	1.4410023937273857
0.2900000000000001	1.4539397522643853
0.3000000000000001	1.4667464622680042
0.3100000000000001	1.4794261951331749
0.3200000000000001	1.4919824411398133
0.3300000000000001	1.5044185219201043
0.34000000000000014	1.51673760183634
0.35000000000000014	1.5289426983838534
0.36000000000000015	1.5410366917195875
0.37000000000000016	1.5530223334047961
0.38000000000000017	1.5649022544399487
0.3900000000000002	1.5766789726608919
0.4000000000000002	1.5883548995574817
0.4100000000000002	1.5999323465690665
0.4200000000000002	1.6114135309052438
0.4300000000000002	1.6228005809350876
0.4400000000000002	1.6340955411834672
0.45000000000000023	1.6453003769690453
0.46000000000000024	1.6564169787149967
0.47000000000000025	1.6674471659603525
0.48000000000000026	1.6783926910970945
0.49000000000000027	1.6892552428556726
0.5000000000000002	1.7000364495594202
0.5100000000000002	1.7107378821664057
0.5200000000000002	1.7213610571155167
0.5300000000000002	1.7319074389920248
0.5400000000000003	1.7423784430264917
0.5500000000000003	1.7527754374396314
0.5600000000000003	1.7630997456446327
0.5700000000000003	1.773352648317434
0.5800000000000003	1.7835353853445466
0.5900000000000003	1.7936491576572013
0.6000000000000003	1.803695128959864
0.6100000000000003	1.8136744273604908
0.6200000000000003	1.8235881469093014
0.6300000000000003	1.833437349052294
0.6400000000000003	1.8432230640052336
0.6500000000000004	1.8529462920533941
0.6600000000000004	1.8626080047819211
0.6700000000000004	1.8722091462413137
0.6800000000000004	1.8817506340521766
0.6900000000000004	1.8912333604530853
0.7000000000000004	1.9006581932951248
0.7100000000000004	1.910025976986393
0.7200000000000004	1.9193375333895324
0.7300000000000004	1.9285936626751254
0.7400000000000004	1.937795144133591
0.7500000000000004	1.946942736948037
0.7600000000000005	1.95603718093035
0.7700000000000005	1.9650791972226487
0.7800000000000005	1.9740694889660813
0.7900000000000005	1.9830087419388198
0.8000000000000005	1.9918976251649736
0.8100000000000005	2.000736791496035
0.8200000000000005	2.0095268781663655
0.8300000000000005	2.0182685073241347
0.8400000000000005	2.0269622865390273
0.8500000000000005	2.035608809287961
0.8600000000000005	2.0442086554199697
0.8700000000000006	2.052762391601346
0.8800000000000006	2.0612705717420567
0.8900000000000006	2.0697337374043965
0.9000000000000006	2.0781524181947786
0.9100000000000006	2.0865271321395102
0.9200000000000006	2.0948583860453494
0.9300000000000006	2.103146675845597
0.9400000000000006	2.111392486932428
0.9500000000000006	2.1195962944761306
0.9600000000000006	2.1277585637318803
0.9700000000000006	2.1358797503346456
0.9800000000000006	2.1439603005827794
0.9900000000000007	2.1520006517108317
1.0000000000000007	2.160001232152078
1.0100000000000007	2.167962461791239
1.0200000000000007	2.17588475220784
1.0300000000000007	2.1837685069106247
1.0400000000000007	2.1916141215634384
1.0500000000000007	2.1994219842029454
1.0600000000000007	2.20719247544855
1.0700000000000007	2.2149259687048573
1.0800000000000007	2.2226228303569995
1.0900000000000007	2.230283419959133
1.1000000000000008	2.237908090416399
1.1100000000000008	2.245497188160623
1.1200000000000008	2.253051053320019
1.1300000000000008	2.260570019883143
1.1400000000000008	2.2680544158573386
1.1500000000000008	2.2755045634218996
1.1600000000000008	2.2829207790761625
1.1700000000000008	2.290303373782737
1.1800000000000008	2.297652653106065
1.1900000000000008	2.304968917346502
1.2000000000000008	2.312252461670087
1.2100000000000009	2.31950357623418
1.2200000000000009	2.326722546309124
1.2300000000000009	2.3339096523960814
1.2400000000000009	2.3410651703411998
1.2500000000000009	2.348189371446241
1.260000000000001	2.3552825225758074
1.270000000000001	2.3623448862612983
1.280000000000001	2.3693767208017107
1.290000000000001	2.37637828036141
1.300000000000001	2.383349815064975
1.310000000000001	2.390291571089228
1.320000000000001	2.3972037907525507
1.330000000000001	2.4040867126015852
1.340000000000001	2.4109405714954115
1.350000000000001	2.4177655986872937
1.360000000000001	2.4245620219040793
1.370000000000001	2.4313300654233343
1.380000000000001	2.438069950148293
1.390000000000001	2.444781893680699
1.400000000000001	2.45146611039161
1.410000000000001	2.4581228114902327
1.420000000000001	2.464752205090862
1.430000000000001	2.4713544962779794
1.440000000000001	2.4779298871695814
1.450000000000001	2.4844785769787885
1.460000000000001	2.4910007620738
1.470000000000001	2.4974966360362423
1.480000000000001	2.503966389717966
1.490000000000001	2.5104102112963447
1.500000000000001	2.516828286328119
1.5100000000000011	2.523220797801835
1.5200000000000011	2.5295879261889267
1.5300000000000011	2.535929849493474
1.5400000000000011	2.542246743300691
1.5500000000000012	2.5485387808241744
1.5600000000000012	2.554806132951959
1.5700000000000012	2.561048968291408
1.5800000000000012	2.5672674532129847
1.5900000000000012	2.57346175189293
1.6000000000000012	2.579632026354886
1.6100000000000012	2.585778436510494
1.6200000000000012	2.591901140198999
1.6300000000000012	2.5980002932258923
1.6400000000000012	2.604076049400615
1.6500000000000012	2.6101285605733597
1.6600000000000013	2.6161579766709857
1.6700000000000013	2.6221644457320847
1.6800000000000013	2.6281481139412137
1.6900000000000013	2.634109125662323
1.7000000000000013	2.6400476234714003
1.7100000000000013	2.6459637481883593
1.7200000000000013	2.651857638908183
1.7300000000000013	2.6577294330313554
1.7400000000000013	2.6635792662935938
1.7500000000000013	2.6694072727949036
1.7600000000000013	2.6752135850279744
1.7700000000000014	2.6809983339059356
1.7800000000000014	2.6867616487894908
1.7900000000000014	2.6925036575134444
1.8000000000000014	2.698224486412642
1.8100000000000014	2.703924260347334
1.8200000000000014	2.709603102727988
1.8300000000000014	2.7152611355395506
1.8400000000000014	2.720898479365189
1.8500000000000014	2.7265152534095147
1.8600000000000014	2.7321115755213086
1.8700000000000014	2.7376875622157577
1.8800000000000014	2.7432433286962197
1.8900000000000015	2.748778988875524
1.9000000000000015	2.754294655396825
1.9100000000000015	2.7597904396540156
1.9200000000000015	2.765266451811715
1.9300000000000015	2.7707228008248403
1.9400000000000015	2.7761595944577726
1.9500000000000015	2.781576939303129
1.9600000000000015	2.786974940800149
1.9700000000000015	2.7923537032527075
1.9800000000000015	2.7977133298469568
1.9900000000000015	2.8030539226686195
2.0000000000000013	2.8083755827199273
2.010000000000001	2.813678409936223
2.020000000000001	2.8189625032022323
2.0300000000000007	2.8242279603680105
2.0400000000000005	2.829474878264577
2.0500000000000003	2.8347033527192393
2.06	2.839913478570621
2.07	2.845105349683393
2.0799999999999996	2.850279058962722
2.0899999999999994	2.8554346983684376
2.099999999999999	2.8605723589289305
2.109999999999999	2.8656921307547814
2.1199999999999988	2.870794103052132
2.1299999999999986	2.8758783641358017
2.1399999999999983	2.8809450014421585
2.149999999999998	2.885994101541745
2.159999999999998	2.89102575015167
2.1699999999999977	2.8960400321477704
2.1799999999999975	2.9010370315765432
2.1899999999999973	2.906016831666862
2.199999999999997	2.9109795148414754
2.209999999999997	2.915925162728294
2.2199999999999966	2.9208538561714747
2.2299999999999964	2.9257656752423005
2.239999999999996	2.9306606992498647
2.249999999999996	2.935539006751564
2.259999999999996	2.940400675563402
2.2699999999999956	2.9452457827701077
2.2799999999999954	2.9500744047350778
2.289999999999995	2.9548866171101382
2.299999999999995	2.9596824948451377
2.3099999999999947	2.9644621121973693
2.3199999999999945	2.969225542740831
2.3299999999999943	2.973972859375321
2.339999999999994	2.9787041343353775
2.349999999999994	2.983419439199064
2.3599999999999937	2.988118844896602
2.3699999999999934	2.9928024217188587
2.3799999999999932	2.997470239325686
2.389999999999993	3.002122366754119
2.399999999999993	3.0067588724264387
2.4099999999999926	3.011379824158094
2.4199999999999924	3.015985289165493
2.429999999999992	3.0205753340736643
2.439999999999992	3.0251500249237897
2.4499999999999917	3.0297094271806113
2.4599999999999915	3.034253605739718
2.4699999999999913	3.0387826249347096
2.479999999999991	3.0432965485442445
2.489999999999991	3.0477954397989726
2.4999999999999907	3.0522793613883548
2.5099999999999905	3.05674837546737
2.5199999999999902	3.0612025436631174
2.52999999999999	3.06564192708131
2.53999999999999	3.070066586312663
2.5499999999999896	3.074476581439184
2.5599999999999894	3.0788719720403575
2.569999999999989	3.0832528171992357
2.579999999999989	3.0876191755084323
2.5899999999999888	3.0919711050760195
2.5999999999999885	3.0963086635313353
2.6099999999999883	3.100631908030698
2.619999999999988	3.104940895263034
2.629999999999988	3.1092356814554143
2.6399999999999877	3.11351632237851
2.6499999999999875	3.1177828733519606
2.6599999999999873	3.122035389249661
2.669999999999987	3.1262739245049675
2.679999999999987	3.130498533115825
2.6899999999999866	3.134709268649815
2.6999999999999864	3.1389061842491275
2.709999999999986	3.1430893326354603
2.719999999999986	3.147258766114841
2.7299999999999858	3.1514145365823785
2.7399999999999856	3.155556695526945
2.7499999999999853	3.1596852940357865
2.759999999999985	3.163800382799064
2.769999999999985	3.1679020121143324
2.7799999999999847	3.171990231890946
2.7899999999999845	3.1760650916544075
2.7999999999999843	3.180126640550647
2.809999999999984	3.1841749273502433
2.819999999999984	3.188210000452579
2.8299999999999836	3.192231907889941
2.8399999999999834	3.1962406973315582
2.849999999999983	3.2002364160875825
2.859999999999983	3.2042191111130114
2.869999999999983	3.208188829011558
2.8799999999999826	3.212145616039461
2.8899999999999824	3.216089518109245
2.899999999999982	3.220020580793426
2.909999999999982	3.2239388493281647
2.9199999999999817	3.2278443686168674
2.9299999999999815	3.2317371832337387
2.9399999999999813	3.235617337427284
2.949999999999981	3.239484875123762
2.959999999999981	3.2433398399305906
2.9699999999999807	3.2471822751397066
2.9799999999999804	3.251012223730876
2.9899999999999802	3.2548297283749625
2.99999999999998	3.2586348314371496
3.00999999999998	3.2624275749801184
3.0199999999999796	3.2662080007671825
3.0299999999999794	3.2699761502653817
3.039999999999979	3.2737320646485317
3.049999999999979	3.277475784800235
3.0599999999999787	3.28120735131685
3.0699999999999785	3.2849268045104205
3.0799999999999783	3.288634184411566
3.089999999999978	3.292329530772336
3.099999999999978	3.296012883069021
3.1099999999999777	3.299684280504934
3.1199999999999775	3.303343762013147
3.1299999999999772	3.3069913662591994
3.139999999999977	3.310627131643765
3.149999999999977	3.3142510963052874
3.1599999999999766	3.3178632981225804
3.1699999999999764	3.3214637747173943
3.179999999999976	3.325052563456949
3.189999999999976	3.3286297014564354
3.1999999999999758	3.332195225581484
3.2099999999999755	3.335749172450601
3.2199999999999753	3.3392915784375754
3.229999999999975	3.342822479673853
3.239999999999975	3.346341912050882
3.2499999999999747	3.3498499112224294
3.2599999999999745	3.353346512606865
3.2699999999999743	3.356831751389421
3.279999999999974	3.3603056625244196
3.289999999999974	3.363768280737475
3.2999999999999736	3.367219640527667
3.3099999999999734	3.370659776169687
3.319999999999973	3.37408872171596
3.329999999999973	3.377506510998736
3.3399999999999728	3.380913177632161
3.3499999999999726	3.3843087550143167
3.3599999999999723	3.38769327632924
3.369999999999972	3.3910667745489156
3.379999999999972	3.3944292824352447
3.3899999999999717	3.3977808325419896
3.3999999999999715	3.4011214572166955
3.4099999999999713	3.404451188602588
3.419999999999971	3.4077700586404487
3.429999999999971	3.4110780990704668
3.4399999999999706	3.414375341434071
3.4499999999999704	3.417661817075737
3.45999999999997	3.4209375571447755
3.46999999999997	3.4242025925970974
3.47999999999997	3.427456954196958
3.4899999999999696	3.4307006725186837
3.4999999999999694	3.433933777948373
3.509999999999969	3.437156300685583
3.519999999999969	3.4403682707449916
3.5299999999999687	3.4435697179580442
3.5399999999999685	3.446760671974578
3.5499999999999683	3.44994116226443
3.559999999999968	3.4531112181190227
3.569999999999968	3.4562708686529375
3.5799999999999677	3.459420142805464
3.5899999999999674	3.4625590693421344
3.5999999999999672	3.46568767685624
3.609999999999967	3.4688059937703297
3.619999999999967	3.4719140483376933
3.6299999999999666	3.475011868643825
3.6399999999999664	3.4780994826078726
3.649999999999966	3.481176917984069
3.659999999999966	3.4842442023631492
3.6699999999999657	3.4873013631737497
3.6799999999999655	3.490348427683793
3.6899999999999653	3.4933854230018557
3.699999999999965	3.4964123760785233
3.709999999999965	3.4994293137077275
3.7199999999999647	3.5024362625280703
3.7299999999999645	3.505433249024134
3.7399999999999642	3.5084202995277733
3.749999999999964	3.511397440219399
3.759999999999964	3.51436469712924
3.7699999999999636	3.5173220961386007
3.7799999999999634	3.5202696629810943
3.789999999999963	3.5232074232438726
3.799999999999963	3.5261354023688343
3.8099999999999627	3.5290536256538263
3.8199999999999625	3.5319621182538286
3.8299999999999623	3.5348609051821263
3.839999999999962	3.537750011311471
3.849999999999962	3.5406294613752283
3.8599999999999617	3.543499279968514
3.8699999999999615	3.5463594915493166
3.8799999999999613	3.54921012043961
3.889999999999961	3.552051190826451
3.899999999999961	3.5548827267630707
3.9099999999999606	3.557704752169948
3.9199999999999604	3.560517290835876
3.92999999999996	3.5633203664190174
3.93999999999996	3.566114002447944
3.9499999999999598	3.5688982223226717
3.9599999999999596	3.571673049315681
3.9699999999999593	3.574438506572927
3.979999999999959	3.57719461711484
3.989999999999959	3.579941403837315
3.9999999999999587	3.5826788895126915
4.009999999999959	3.585407096790723
4.019999999999959	3.5881260481995354
4.0299999999999585	3.5908357661465784
4.039999999999958	3.5935362729195632
4.049999999999958	3.5962275906873953
4.059999999999958	3.5989097415010924
4.069999999999958	3.6015827472946986
4.079999999999957	3.604246629886185
4.089999999999957	3.606901410978342
4.099999999999957	3.609547112159667
4.109999999999957	3.6121837549052342
4.119999999999957	3.614811360577566
4.129999999999956	3.617429950427487
4.139999999999956	3.6200395455949756
4.149999999999956	3.6226401671100033
4.159999999999956	3.625231835893367
4.1699999999999555	3.6278145727575133
4.179999999999955	3.6303883984073555
4.189999999999955	3.6329533334410793
4.199999999999955	3.6355093983509446
4.209999999999955	3.6380566135240753
4.2199999999999545	3.640594999243246
4.229999999999954	3.643124575687657
4.239999999999954	3.645645362933703
4.249999999999954	3.648157380955736
4.259999999999954	3.6506606496268184
4.269999999999953	3.6531551887194693
4.279999999999953	3.655641017906405
4.289999999999953	3.658118156761271
4.299999999999953	3.6605866247593677
4.3099999999999525	3.663046441278368
4.319999999999952	3.6654976255990297
4.329999999999952	3.667940196905899
4.339999999999952	3.6703741742880096
4.349999999999952	3.672799576739574
4.3599999999999515	3.6752164231606663
4.369999999999951	3.6776247323579043
4.379999999999951	3.680024523045117
4.389999999999951	3.6824158138440133
4.399999999999951	3.6847986232848395
4.40999999999995	3.6871729698070332
4.41999999999995	3.6895388717598703
4.42999999999995	3.6918963474031044
4.43999999999995	3.694245414907604
4.4499999999999496	3.696586092355979
4.459999999999949	3.6989183977432063
4.469999999999949	3.701242348977246
4.479999999999949	3.703557963879652
4.489999999999949	3.7058652601861803
4.4999999999999485	3.7081642555473873
4.509999999999948	3.7104549675292255
4.519999999999948	3.712737413613634
4.529999999999948	3.715011611199121
4.539999999999948	3.7172775776013434
4.549999999999947	3.719535330053679
4.559999999999947	3.7217848857077973
4.569999999999947	3.7240262616342203
4.579999999999947	3.7262594748228812
4.589999999999947	3.7284845421836774
4.599999999999946	3.730701480547019
4.609999999999946	3.7329103066643703
4.619999999999946	3.7351110372087906
4.629999999999946	3.7373036887754645
4.6399999999999455	3.7394882778822325
4.649999999999945	3.7416648209701147
4.659999999999945	3.7438333344038295
4.669999999999945	3.745993834472308
4.679999999999945	3.7481463373892048
4.689999999999944	3.750290859293403
4.699999999999944	3.7524274162495153
4.709999999999944	3.7545560242483815
4.719999999999944	3.7566766992075595
4.729999999999944	3.758789456971814
4.739999999999943	3.7608943133136004
4.749999999999943	3.7629912839335438
4.759999999999943	3.7650803844609144
4.769999999999943	3.7671616304540994
4.7799999999999425	3.769235037401069
4.789999999999942	3.77130062071984
4.799999999999942	3.7733583957589354
4.809999999999942	3.7754083777978384
4.819999999999942	3.7774505820474444
4.8299999999999415	3.779485023650508
4.839999999999941	3.7815117176820863
4.849999999999941	3.783530679149979
4.859999999999941	3.785541922995164
4.869999999999941	3.7875454640922297
4.87999999999994	3.789541317249803
4.88999999999994	3.791529497210976
4.89999999999994	3.7935100186537247
4.90999999999994	3.795482896191329
4.9199999999999395	3.797448144372786
4.929999999999939	3.7994057776832197
4.939999999999939	3.8013558105442904
4.949999999999939	3.8032982573145975
4.959999999999939	3.805233132290079
4.9699999999999385	3.8071604497044107
4.979999999999938	3.8090802237293984
4.989999999999938	3.8109924684753693
4.999999999999938	3.8128971979915587
5.009999999999938	3.814794426266495
5.019999999999937	3.8166841672283796
5.029999999999937	3.8185664347454655
5.039999999999937	3.8204412426264316
5.049999999999937	3.822308604620755
5.0599999999999365	3.8241685344190772
5.069999999999936	3.8260210456535737
5.079999999999936	3.8278661518983124
5.089999999999936	3.829703866669616
5.099999999999936	3.8315342034264175
5.1099999999999355	3.8333571755706144
5.119999999999935	3.835172796447419
5.129999999999935	3.8369810793457075
5.139999999999935	3.8387820374983637
5.149999999999935	3.840575684082623
5.159999999999934	3.842362032220411
5.169999999999934	3.844141094978682
5.179999999999934	3.845912885369751
5.189999999999934	3.847677416351628
5.199999999999934	3.8494347008283443
5.209999999999933	3.851184751650281
5.219999999999933	3.852927581614492
5.229999999999933	3.854663203465024
5.239999999999933	3.8563916298932366
5.2499999999999325	3.858112873538119
5.259999999999932	3.859826946986601
5.269999999999932	3.861533862773867
5.279999999999932	3.8632336333836634
5.289999999999932	3.864926271248604
5.299999999999931	3.866611788750476
5.309999999999931	3.8682901982205395
5.319999999999931	3.869961511939828
5.329999999999931	3.8716257421394444
5.339999999999931	3.8732829010008563
5.34999999999993	3.874933000656187
5.35999999999993	3.876576053188507
5.36999999999993	3.87821207063212
5.37999999999993	3.879841064972851
5.3899999999999295	3.881463048148326
5.399999999999929	3.883078032048256
5.409999999999929	3.884686028514715
5.419999999999929	3.8862870493424166
5.429999999999929	3.8878811062789893
5.4399999999999284	3.8894682110252483
5.449999999999928	3.891048375235467
5.459999999999928	3.892621610517645
5.469999999999928	3.894187928433774
5.479999999999928	3.895747340500103
5.489999999999927	3.8972998581874
5.499999999999927	3.8988454929212137
5.509999999999927	3.9003842560821305
5.519999999999927	3.901916159006032
5.5299999999999265	3.903441212984349
5.539999999999926	3.904959429264315
5.549999999999926	3.9064708190492157
5.559999999999926	3.907975393498639
5.569999999999926	3.909473163728722
5.5799999999999255	3.910964140812396
5.589999999999925	3.912448335779629
5.599999999999925	3.9139257596176695
5.609999999999925	3.915396423271284
5.619999999999925	3.916860337642997
5.629999999999924	3.9183175135933253
5.639999999999924	3.919767961941014
5.649999999999924	3.921211693463269
5.659999999999924	3.9226487188959878
5.6699999999999235	3.9240790489339896
5.679999999999923	3.9255026942312417
5.689999999999923	3.9269196654010874
5.699999999999923	3.9283299730164685
5.709999999999923	3.9297336276101498
5.7199999999999225	3.9311306396749393
5.729999999999922	3.9325210196639078
5.739999999999922	3.933904777990607
5.749999999999922	3.9352819250292868
5.759999999999922	3.9366524711151083
5.769999999999921	3.9380164265443587
5.779999999999921	3.9393738015746624
5.789999999999921	3.9407246064251913
5.799999999999921	3.9420688512768733
5.809999999999921	3.9434065462726005
5.81999999999992	3.944737701517434
5.82999999999992	3.946062327078808
5.83999999999992	3.9473804329867344
5.84999999999992	3.9486920292340013
5.8599999999999195	3.949997125776376
5.869999999999919	3.951295732532802
5.879999999999919	3.9525878593855954
5.889999999999919	3.9538735161806424
5.899999999999919	3.955152712727593
5.909999999999918	3.9564254588000534
5.919999999999918	3.9576917641357783
5.929999999999918	3.958951638436862
5.939999999999918	3.960205091369925
5.949999999999918	3.961452132566305
5.959999999999917	3.96269277162224
5.969999999999917	3.963927018099055
5.979999999999917	3.9651548815233464
5.989999999999917	3.9663763713871627
5.9999999999999165	3.9675914971481876
6.009999999999916	3.968800268229919
6.019999999999916	3.970002694021847
6.029999999999916	3.971198783879634
6.039999999999916	3.972388547125287
6.0499999999999154	3.9735719930473365
6.059999999999915	3.9747491309010092
6.069999999999915	3.975919969908399
6.079999999999915	3.977084519258641
6.089999999999915	3.9782427881080795
6.099999999999914	3.9793947855804395
6.109999999999914	3.980540520766993
6.119999999999914	3.9816800027267267
6.129999999999914	3.9828132404865073
6.1399999999999135	3.9839402430412463
6.149999999999913	3.9850610193540636
6.159999999999913	3.98617557835645
6.169999999999913	3.987283928948429
6.179999999999913	3.988386079998715
6.1899999999999125	3.989482040344875
6.199999999999912	3.990571818793486
6.209999999999912	3.99165542412029
6.219999999999912	3.992732865070353
6.229999999999912	3.993804150358218
6.239999999999911	3.9948692886680592
6.249999999999911	3.995928288653836
6.259999999999911	3.9969811589394437
6.269999999999911	3.9980279081188645
6.2799999999999105	3.9990685447563177
6.28999999999991	4.000103077386408
6.29999999999991	4.001131514514274
6.30999999999991	4.002153864615736
6.31999999999991	4.00317013613744
6.3299999999999095	4.0041803374970035
6.339999999999909	4.0051844770831595
6.349999999999909	4.0061825632559005
6.359999999999909	4.007174604346619
6.369999999999909	4.008160608658251
6.379999999999908	4.009140584465413
6.389999999999908	4.010114540014547
6.399999999999908	4.011082483524049
6.409999999999908	4.01204442318442
6.419999999999908	4.0130003671583925
6.429999999999907	4.013950323581068
6.439999999999907	4.014894300560057
6.449999999999907	4.015832306175606
6.459999999999907	4.016764348480737
6.4699999999999065	4.017690435501375
6.479999999999906	4.018610575236484
6.489999999999906	4.019524775658193
6.499999999999906	4.020433044711931
6.509999999999906	4.0213353903165485
6.519999999999905	4.022231820364455
6.529999999999905	4.02312234272174
6.539999999999905	4.0240069652283
6.549999999999905	4.024885695697967
6.559999999999905	4.025758541918632
6.569999999999904	4.026625511652369
6.579999999999904	4.027486612635556
6.589999999999904	4.028341852579005
6.599999999999904	4.029191239168075
6.6099999999999035	4.030034780062798
6.619999999999903	4.030872482897999
6.629999999999903	4.0317043552834155
6.639999999999903	4.032530404803813
6.649999999999903	4.033350639019107
6.659999999999902	4.034165065464481
6.669999999999902	4.034973691650498
6.679999999999902	4.035776525063222
6.689999999999902	4.036573573164328
6.699999999999902	4.037364843391222
6.709999999999901	4.03815034315715
6.719999999999901	4.038930079851313
6.729999999999901	4.039704060838979
6.739999999999901	4.040472293461595
6.7499999999999005	4.041234785036899
6.7599999999999	4.041991542859026
6.7699999999999	4.0427425741986225
6.7799999999999	4.0434878863029535
6.7899999999999	4.044227486396009
6.7999999999998995	4.044961381678616
6.809999999999899	4.045689579328539
6.819999999999899	4.0464120865005935
6.829999999999899	4.047128910326745
6.839999999999899	4.04784005791622
6.849999999999898	4.048545536355605
6.859999999999898	4.049245352708954
6.869999999999898	4.049939514017888
6.879999999999898	4.050628027301703
6.8899999999998975	4.051310899557465
6.899999999999897	4.051988137760117
6.909999999999897	4.052659748862576
6.919999999999897	4.053325739795834
6.929999999999897	4.05398611746906
6.9399999999998965	4.054640888769694
6.949999999999896	4.05529006056355
6.959999999999896	4.055933639694909
6.969999999999896	4.0565716329866195
6.979999999999896	4.057204047240194
6.989999999999895	4.057830889235901
6.999999999999895	4.0584521657328665
7.009999999999895	4.059067883469163
7.019999999999895	4.059678049161908
7.0299999999998946	4.060282669507355
7.039999999999894	4.060881751180987
7.049999999999894	4.061475300837609
7.059999999999894	4.062063325111441
7.069999999999894	4.06264583061621
7.0799999999998935	4.063222823945239
7.089999999999893	4.063794311671536
7.099999999999893	4.06436030034789
7.109999999999893	4.0649207965069545
7.119999999999893	4.065475806661338
7.129999999999892	4.066025337303692
7.139999999999892	4.066569394906802
7.149999999999892	4.067107985923668
7.159999999999892	4.067641116787598
7.169999999999892	4.068168793912292
7.179999999999891	4.068691023691927
7.189999999999891	4.069207812501241
7.199999999999891	4.06971916669562
7.209999999999891	4.070225092611183
7.2199999999998905	4.0707255965648645
7.22999999999989	4.071220684854496
7.23999999999989	4.071710363758893
7.24999999999989	4.072194639537932
7.25999999999989	4.072673518432637
7.269999999999889	4.073147006665262
7.279999999999889	4.0736151104393645
7.289999999999889	4.074077835939893
7.299999999999889	4.074535189333266
7.309999999999889	4.074987176767449
7.319999999999888	4.075433804372034
7.329999999999888	4.075875078258322
7.339999999999888	4.076311004519397
7.349999999999888	4.076741589230204
7.3599999999998875	4.07716683844763
7.369999999999887	4.077586758210575
7.379999999999887	4.078001354540038
7.389999999999887	4.07841063343918
7.399999999999887	4.078814600893412
7.4099999999998865	4.0792132628704625
7.419999999999886	4.079606625320455
7.429999999999886	4.079994694175982
7.439999999999886	4.080377475352178
7.449999999999886	4.080754974746798
7.459999999999885	4.081127198240281
7.469999999999885	4.081494151695832
7.479999999999885	4.08185584095949
7.489999999999885	4.082212271860199
7.4999999999998845	4.082563450209885
7.509999999999884	4.082909381803518
7.519999999999884	4.083250072419191
7.529999999999884	4.083585527818188
7.539999999999884	4.083915753745051
7.5499999999998835	4.0842407559276515
7.559999999999883	4.084560540077263
7.569999999999883	4.084875111888624
7.579999999999883	4.08518447704001
7.589999999999883	4.085488641193301
7.599999999999882	4.085787609994048
7.609999999999882	4.086081389071542
7.619999999999882	4.08636998403888
7.629999999999882	4.086653400493031
7.6399999999998816	4.086931644014903
7.649999999999881	4.087204720169409
7.659999999999881	4.087472634505533
7.669999999999881	4.087735392556394
7.679999999999881	4.087992999839309
7.6899999999998805	4.088245461855863
7.69999999999988	4.088492784091966
7.70999999999988	4.088734972017924
7.71999999999988	4.088972031088495
7.72999999999988	4.089203966742961
7.739999999999879	4.08943078440518
7.749999999999879	4.089652489483657
7.759999999999879	4.0898690873716035
7.769999999999879	4.090080583446996
7.779999999999879	4.090286983072643
7.789999999999878	4.09048829159624
7.799999999999878	4.0906845143504365
7.809999999999878	4.090875656652891
7.819999999999878	4.091061723806334
7.8299999999998775	4.091242721098628
7.839999999999877	4.091418653802825
7.849999999999877	4.091589527177227
7.859999999999877	4.091755346465445
7.869999999999877	4.0919161168964555
7.879999999999876	4.092071843684662
7.889999999999876	4.092222532029951
7.899999999999876	4.092368187117748
7.909999999999876	4.092508814119078
7.919999999999876	4.092644418190621
7.929999999999875	4.092775004474767
7.939999999999875	4.092900578099676
7.949999999999875	4.093021144179332
7.959999999999875	4.093136707813597
7.9699999999998745	4.093247274088272
7.979999999999874	4.093352848075145
7.989999999999874	4.093453434832051
7.999999999999874	4.093549039402926
8.009999999999874	4.09363966681786
8.019999999999873	4.093725322093152
8.029999999999873	4.093806010231364
8.039999999999873	4.093881736221372
8.049999999999873	4.093952505038424
8.059999999999873	4.094018321644188
8.069999999999872	4.094079190986808
8.079999999999872	4.094135118000956
8.089999999999872	4.094186107607882
8.099999999999872	4.09423216471547
8.109999999999872	4.094273294218284
8.119999999999871	4.094309500997624
8.129999999999871	4.094340789921576
8.139999999999871	4.094367165845062
8.14999999999987	4.09438863360989
8.15999999999987	4.094405198044807
8.16999999999987	4.094416863965547
8.17999999999987	4.094423636174879
8.18999999999987	4.0944255194626615
8.19999999999987	4.094422518605888
8.20999999999987	4.094414638368736
8.21999999999987	4.094401883502618
8.229999999999869	4.09438425874623
8.239999999999869	4.094361768825596
8.249999999999869	4.094334418454122
8.259999999999868	4.0943022123326385
8.269999999999868	4.094265155149451
8.279999999999868	4.094223251580385
8.289999999999868	4.0941765062888384
8.299999999999867	4.094124923925822
8.309999999999867	4.094068509130009
8.319999999999867	4.0940072665277825
8.329999999999867	4.093941200733278
8.339999999999867	4.0938703163484345
8.349999999999866	4.093794617963036
8.359999999999866	4.09371411015476
8.369999999999866	4.093628797489219
8.379999999999866	4.09353868452001
8.389999999999866	4.0934437757887565
8.399999999999865	4.0933440758251525
8.409999999999865	4.093239589147009
8.419999999999865	4.093130320260298
8.429999999999865	4.093016273659194
8.439999999999864	4.092897453826121
8.449999999999864	4.092773865231795
8.459999999999864	4.092645512335264
8.469999999999864	4.092512399583956
8.479999999999864	4.09237453141372
8.489999999999863	4.092231912248865
8.499999999999863	4.09208454650221
8.509999999999863	4.091932438575121
8.519999999999863	4.091775592857552
8.529999999999863	4.0916140137280905
8.539999999999862	4.091447705553998
8.549999999999862	4.09127667269125
8.559999999999862	4.091100919484578
8.569999999999862	4.090920450267512
8.579999999999862	4.090735269362418
8.589999999999861	4.090545381080544
8.599999999999861	4.090350789722053
8.60999999999986	4.090151499576071
8.61999999999986	4.089947514920721
8.62999999999986	4.089738840023165
8.63999999999986	4.089525479139647
8.64999999999986	4.089307436515527
8.65999999999986	4.0890847163853214
8.66999999999986	4.088857322972746
8.67999999999986	4.088625260490751
8.68999999999986	4.088388533141561
8.699999999999859	4.0881471451167135
8.709999999999859	4.087901100597097
8.719999999999859	4.087650403752991
8.729999999999858	4.0873950587441
8.739999999999858	4.087135069719595
8.749999999999858	4.08687044081815
8.759999999999858	4.086601176167979
8.769999999999857	4.086327279886872
8.779999999999857	4.086048756082236
8.789999999999857	4.085765608851128
8.799999999999857	4.085477842280295
8.809999999999857	4.0851854604462075
8.819999999999856	4.084888467415096
8.829999999999856	4.084586867242991
8.839999999999856	4.084280663975755
8.849999999999856	4.083969861649121
8.859999999999856	4.083654464288725
8.869999999999855	4.083334475910146
8.879999999999855	4.083009900518938
8.889999999999855	4.082680742110666
8.899999999999855	4.082347004670942
8.909999999999854	4.082008692175459
8.919999999999854	4.081665808590025
8.929999999999854	4.0813183578706
8.939999999999854	4.080966343963328
8.949999999999854	4.080609770804572
8.959999999999853	4.0802486423209485
8.969999999999853	4.0798829624293615
8.979999999999853	4.079512735037035
8.989999999999853	4.079137964041548
8.999999999999853	4.078758653330868
9.009999999999852	4.078374806783384
9.019999999999852	4.077986428267938
9.029999999999852	4.07759352164386
9.039999999999852	4.077196090761001
9.049999999999851	4.076794139459764
9.059999999999851	4.076387671571139
9.069999999999851	4.075976690916732
9.07999999999985	4.075561201308799
9.08999999999985	4.075141206550282
9.09999999999985	4.074716710434833
9.10999999999985	4.074287716746852
9.11999999999985	4.073854229261515
9.12999999999985	4.073416251744811
9.13999999999985	4.072973787953565
9.14999999999985	4.072526841635476
9.15999999999985	4.072075416529146
9.169999999999849	4.071619516364112
9.179999999999849	4.071159144860872
9.189999999999849	4.070694305730924
9.199999999999848	4.070225002676787
9.209999999999848	4.069751239392041
9.219999999999848	4.06927301956135
9.229999999999848	4.068790346860493
9.239999999999847	4.0683032249563995
9.249999999999847	4.067811657507173
9.259999999999847	4.067315648162123
9.269999999999847	4.066815200561796
9.279999999999847	4.066310318338003
9.289999999999846	4.065801005113849
9.299999999999846	4.065287264503765
9.309999999999846	4.064769100113533
9.319999999999846	4.064246515540315
9.329999999999846	4.063719514372687
9.339999999999845	4.063188100190663
9.349999999999845	4.062652276565723
9.359999999999845	4.062112047060845
9.369999999999845	4.061567415230531
9.379999999999844	4.061018384620835
9.389999999999844	4.060464958769393
9.399999999999844	4.059907141205448
9.409999999999844	4.0593449354498805
9.419999999999844	4.058778345015234
9.429999999999843	4.058207373405745
9.439999999999843	4.057632024117367
9.449999999999843	4.0570523006378005
9.459999999999843	4.056468206446521
9.469999999999843	4.055879745014803
9.479999999999842	4.055286919805748
9.489999999999842	4.054689734274313
9.499999999999842	4.054088191867337
9.509999999999842	4.053482296023565
9.519999999999841	4.052872050173675
9.529999999999841	4.052257457740308
9.539999999999841	4.051638522138091
9.54999999999984	4.051015246773662
9.55999999999984	4.050387635045702
9.56999999999984	4.049755690344953
9.57999999999984	4.049119416054248
9.58999999999984	4.048478815548538
9.59999999999984	4.047833892194915
9.60999999999984	4.047184649352638
9.61999999999984	4.046531090373159
9.62999999999984	4.045873218600146
9.639999999999839	4.045211037369515
9.649999999999839	4.044544550009444
9.659999999999838	4.043873759840409
9.669999999999838	4.0431986701752
9.679999999999838	4.042519284318953
9.689999999999838	4.041835605569168
9.699999999999838	4.041147637215738
9.709999999999837	4.040455382540973
9.719999999999837	4.03975884481962
9.729999999999837	4.0390580273188945
9.739999999999837	4.038352933298497
9.749999999999837	4.037643566010643
9.759999999999836	4.036929928700083
9.769999999999836	4.036212024604128
9.779999999999836	4.035489856952674
9.789999999999836	4.034763428968222
9.799999999999836	4.034032743865905
9.809999999999835	4.033297804853511
9.819999999999835	4.032558615131505
9.829999999999835	4.031815177893051
9.839999999999835	4.03106749632404
9.849999999999834	4.030315573603107
9.859999999999834	4.029559412901658
9.869999999999834	4.02879901738389
9.879999999999834	4.028034390206817
9.889999999999834	4.027265534520288
9.899999999999833	4.026492453467015
9.909999999999833	4.025715150182592
9.919999999999833	4.024933627795515
9.929999999999833	4.024147889427211
9.939999999999833	4.023357938192055
9.949999999999832	4.022563777197391
9.959999999999832	4.021765409543558
9.969999999999832	4.0209628383239115
9.979999999999832	4.020156066624841
9.989999999999831	4.019345097525795
9.999999999999831	4.018529934099304
10.009999999999831	4.017710579410998
10.01999999999983	4.016887036519631
10.02999999999983	4.016059308477101
10.03999999999983	4.015227398328471
10.04999999999983	4.01439130911199
10.05999999999983	4.013551043859117
10.06999999999983	4.012706605594537
10.07999999999983	4.011857997336185
10.08999999999983	4.011005222095268
10.09999999999983	4.010148282876282
10.109999999999829	4.009287182677036
10.119999999999829	4.008421924488669
10.129999999999828	4.007552511295675
10.139999999999828	4.006678946075918
10.149999999999828	4.005801231800659
10.159999999999828	4.0049193714345686
10.169999999999828	4.004033367935754
10.179999999999827	4.003143224255773
10.189999999999827	4.002248943339659
10.199999999999827	4.001350528125938
10.209999999999827	4.00044798154665
10.219999999999827	3.999541306527365
10.229999999999826	3.9986305059872094
10.239999999999826	3.997715582838879
10.249999999999826	3.996796539988661
10.259999999999826	3.9958733803364552
10.269999999999825	3.99494610677579
10.279999999999825	3.9940147221938442
10.289999999999825	3.9930792294714648
10.299999999999825	3.9921396314831856
10.309999999999825	3.9911959310972485
10.319999999999824	3.9902481311756204
10.329999999999824	3.989296234574012
10.339999999999824	3.9883402441418982
10.349999999999824	3.987380162722535
10.359999999999824	3.986415993152979
10.369999999999823	3.9854477382641065
10.379999999999823	3.9844754008806307
10.389999999999823	3.983498983821121
10.399999999999823	3.9825184898980206
10.409999999999823	3.981533921917666
10.419999999999822	3.980545282680304
10.429999999999822	3.9795525749801097
10.439999999999822	3.978555801605206
10.449999999999822	3.9775549653376796
10.459999999999821	3.976550068953601
10.469999999999821	3.97554111522304
10.479999999999821	3.974528106910086
10.48999999999982	3.973511046772863
10.49999999999982	3.9724899375635494
10.50999999999982	3.971464782028394
10.51999999999982	3.9704355829077356
10.52999999999982	3.969402342936017
10.53999999999982	3.9683650648418056
10.54999999999982	3.9673237513478092
10.55999999999982	3.9662784051708933
10.569999999999819	3.965229029022098
10.579999999999819	3.964175625606656
10.589999999999819	3.963118197624008
10.599999999999818	3.9620567477678215
10.609999999999818	3.960991278726006
10.619999999999818	3.959921793180732
10.629999999999818	3.9588482938084435
10.639999999999818	3.95777078327988
10.649999999999817	3.95668926426009
10.659999999999817	3.955603739408448
10.669999999999817	3.9545142113786693
10.679999999999817	3.953420682818831
10.689999999999817	3.952323156371384
10.699999999999816	3.951221634673171
10.709999999999816	3.9501161203554416
10.719999999999816	3.9490066160438713
10.729999999999816	3.947893124358574
10.739999999999815	3.9467756479141207
10.749999999999815	3.9456541893195536
10.759999999999815	3.9445287511784035
10.769999999999815	3.9433993360887043
10.779999999999815	3.9422659466430106
10.789999999999814	3.941128585428411
10.799999999999814	3.939987255026546
10.809999999999814	3.9388419580136222
10.819999999999814	3.9376926969604287
10.829999999999814	3.936539474432352
10.839999999999813	3.935382292989391
10.849999999999813	3.934221155186174
10.859999999999813	3.9330560635719727
10.869999999999813	3.9318870206907173
10.879999999999812	3.9307140290810123
10.889999999999812	3.929537091276152
10.899999999999812	3.928356209804134
10.909999999999812	3.927171387187676
10.919999999999812	3.92598262594423
10.929999999999811	3.9247899285859966
10.939999999999811	3.923593297619941
10.949999999999811	3.9223927355478074
10.95999999999981	3.921188244866133
10.96999999999981	3.919979828066263
10.97999999999981	3.918767487634367
10.98999999999981	3.91755122605145
10.99999999999981	3.91633104579337
11.00999999999981	3.9151069493308515
11.01999999999981	3.9138789391294995
11.02999999999981	3.9126470176498143
11.039999999999809	3.911411187347206
11.049999999999809	3.9101714506720073
11.059999999999809	3.9089278100694895
11.069999999999808	3.907680267979876
11.079999999999808	3.906428826838356
11.089999999999808	3.905173489075099
11.099999999999808	3.9039142571152685
11.109999999999808	3.9026511333790355
11.119999999999807	3.9013841202815938
11.129999999999807	3.900113220233172
11.139999999999807	3.8988384356390484
11.149999999999807	3.897559768899565
11.159999999999807	3.8962772224101405
11.169999999999806	3.8949907985612837
11.179999999999806	3.8937004997386073
11.189999999999806	3.8924063283228416
11.199999999999806	3.8911082866898483
11.209999999999805	3.889806377210633
11.219999999999805	3.8885006022513595
11.229999999999805	3.887190964173362
11.239999999999805	3.88587746533316
11.249999999999805	3.8845601080824697
11.259999999999804	3.8832388947682186
11.269999999999804	3.8819138277325576
11.279999999999804	3.8805849093128746
11.289999999999804	3.8792521418418078
11.299999999999804	3.877915527647258
11.309999999999803	3.876575069052402
11.319999999999803	3.8752307683757046
11.329999999999803	3.873882627930933
11.339999999999803	3.872530650027169
11.349999999999802	3.87117483696882
11.359999999999802	3.8698151910556344
11.369999999999802	3.8684517145827124
11.379999999999802	3.86708440984052
11.389999999999802	3.8657132791148996
11.399999999999801	3.8643383246870844
11.409999999999801	3.86295954883371
11.419999999999801	3.8615769538268268
11.4299999999998	3.8601905419339126
11.4399999999998	3.8588003154178847
11.4499999999998	3.8574062765371124
11.4599999999998	3.856008427545429
11.4699999999998	3.8546067706921443
11.4799999999998	3.8532013082220566
11.4899999999998	3.851792042375465
11.4999999999998	3.8503789753881805
11.509999999999799	3.8489621094915396
11.519999999999799	3.847541446912415
11.529999999999799	3.846116989873228
11.539999999999798	3.8446887405919603
11.549999999999798	3.843256701282166
11.559999999999798	3.841820874152983
11.569999999999798	3.840381261409146
11.579999999999798	3.8389378652509962
11.589999999999797	3.8374906878744945
11.599999999999797	3.836039731471233
11.609999999999797	3.8345849982284452
11.619999999999797	3.8331264903290196
11.629999999999797	3.8316642099515104
11.639999999999796	3.830198159270148
11.649999999999796	3.8287283404548518
11.659999999999796	3.8272547556712406
11.669999999999796	3.8257774070806447
11.679999999999795	3.824296296840117
11.689999999999795	3.8228114271024434
11.699999999999795	3.8213228000161554
11.709999999999795	3.819830417725541
11.719999999999795	3.818334282370654
11.729999999999794	3.8168343960873288
11.739999999999794	3.8153307610071874
11.749999999999794	3.8138233792576526
11.759999999999794	3.8123122529619593
11.769999999999794	3.810797384239165
11.779999999999793	3.8092787752041595
11.789999999999793	3.807756427967677
11.799999999999793	3.806230344636308
11.809999999999793	3.804700527312508
11.819999999999792	3.803166978094608
11.829999999999792	3.8016296990768286
11.839999999999792	3.8000886923492865
11.849999999999792	3.7985439599980078
11.859999999999792	3.796995504104938
11.869999999999791	3.7954433267479524
11.879999999999791	3.7938874300008663
11.889999999999791	3.792327815933446
11.89999999999979	3.7907644866114194
11.90999999999979	3.7891974440964855
11.91999999999979	3.7876266904463263
11.92999999999979	3.786052227714616
11.93999999999979	3.784474057951031
11.94999999999979	3.7828921832012616
11.95999999999979	3.781306605507021
11.96999999999979	3.7797173269060558
11.979999999999789	3.7781243494321566
11.989999999999789	3.776527675115168
11.999999999999789	3.7749273059809982
12.009999999999788	3.7733232440516296
12.019999999999788	3.771715491345128
12.029999999999788	3.7701040498756546
12.039999999999788	3.768488921653473
12.049999999999788	3.7668701086849623
12.059999999999787	3.7652476129726247
12.069999999999787	3.7636214365150957
12.079999999999787	3.761991581307155
12.089999999999787	3.760358049339735
12.099999999999786	3.758720842599932
12.109999999999786	3.757079963071014
12.119999999999786	3.755435412732433
12.129999999999786	3.7537871935598313
12.139999999999786	3.7521353075250548
12.149999999999785	3.7504797565961594
12.159999999999785	3.748820542737423
12.169999999999785	3.7471576679093523
12.179999999999785	3.7454911340686965
12.189999999999785	3.743820943168452
12.199999999999784	3.742147097157875
12.209999999999784	3.7404695979824902
12.219999999999784	3.738788447584099
12.229999999999784	3.7371036479007906
12.239999999999783	3.7354152008669503
12.249999999999783	3.7337231084132685
12.259999999999783	3.7320273724667508
12.269999999999783	3.7303279949507266
12.279999999999783	3.728624977784859
12.289999999999782	3.726918322885152
12.299999999999782	3.725208032163963
12.309999999999782	3.723494107530008
12.319999999999782	3.7217765508883742
12.329999999999782	3.720055364140526
12.339999999999781	3.718330549184316
12.349999999999781	3.7166021079139937
12.359999999999781	3.7148700422202134
12.36999999999978	3.713134353990044
12.37999999999978	3.711395045106978
12.38999999999978	3.7096521174509403
12.39999999999978	3.7079055728982953
12.40999999999978	3.7061554133218584
12.41999999999978	3.704401640590903
12.42999999999978	3.702644256571169
12.43999999999978	3.7008832631248736
12.449999999999779	3.6991186621107177
12.459999999999779	3.6973504553838956
12.469999999999779	3.695578644796103
12.479999999999778	3.6938032321955463
12.489999999999778	3.6920242194269512
12.499999999999778	3.69024160833157
12.509999999999778	3.6884554007471912
12.519999999999778	3.6866655985081485
12.529999999999777	3.684872203445327
12.539999999999777	3.683075217386175
12.549999999999777	3.6812746421547087
12.559999999999777	3.679470479571523
12.569999999999776	3.6776627314537995
12.579999999999776	3.6758513996153135
12.589999999999776	3.6740364858664436
12.599999999999776	3.67221799201418
12.609999999999776	3.670395919862132
12.619999999999775	3.6685702712105366
12.629999999999775	3.666741047856266
12.639999999999775	3.664908251592837
12.649999999999775	3.6630718842104173
12.659999999999775	3.6612319474958364
12.669999999999774	3.65938844323259
12.679999999999774	3.6575413732008517
12.689999999999774	3.6556907391774778
12.699999999999774	3.653836542936017
12.709999999999773	3.6519787862467195
12.719999999999773	3.6501174708765416
12.729999999999773	3.6482525985891567
12.739999999999773	3.6463841711449616
12.749999999999773	3.644512190301085
12.759999999999772	3.6426366578113947
12.769999999999772	3.640757575426506
12.779999999999772	3.638874944893789
12.789999999999772	3.6369887679573774
12.799999999999772	3.6350990463581745
12.809999999999771	3.633205781833862
12.819999999999771	3.6313089761189077
12.829999999999771	3.6294086309445728
12.83999999999977	3.6275047480389198
12.84999999999977	3.6255973291268195
12.85999999999977	3.62368637592996
12.86999999999977	3.621771890166852
12.87999999999977	3.619853873552839
12.88999999999977	3.6179323278001023
12.89999999999977	3.6160072546176703
12.90999999999977	3.6140786557114244
12.919999999999769	3.612146532784108
12.929999999999769	3.6102108875353327
12.939999999999769	3.6082717216615867
12.949999999999768	3.6063290368562413
12.959999999999768	3.604382834809558
12.969999999999768	3.602433117208698
12.979999999999768	3.6004798857377254
12.989999999999768	3.598523142077619
12.999999999999767	3.5965628879062765
13.009999999999767	3.5945991248985227
13.019999999999767	3.5926318547261173
13.029999999999767	3.59066107905776
13.039999999999766	3.588686799559101
13.049999999999766	3.586709017892745
13.059999999999766	3.584727735718259
13.069999999999766	3.5827429546921814
13.079999999999766	3.580754676468026
13.089999999999765	3.5787629026962913
13.099999999999765	3.5767676350244675
13.109999999999765	3.5747688750970417
13.119999999999765	3.572766624555506
13.129999999999765	3.570760885038365
13.139999999999764	3.5687516581811423
13.149999999999764	3.5667389456163856
13.159999999999764	3.564722748973677
13.169999999999764	3.5627030698796376
13.179999999999763	3.5606799099579343
13.189999999999763	3.5586532708292875
13.199999999999763	3.5566231541114774
13.209999999999763	3.5545895614193515
13.219999999999763	3.5525524943648294
13.229999999999762	3.550511954556912
13.239999999999762	3.5484679436016866
13.249999999999762	3.546420463102334
13.259999999999762	3.544369514659136
13.269999999999762	3.5423150998694797
13.279999999999761	3.5402572203278675
13.289999999999761	3.538195877625921
13.299999999999761	3.536131073352388
13.30999999999976	3.5340628090931507
13.31999999999976	3.5319910864312303
13.32999999999976	3.529915906946795
13.33999999999976	3.5278372722171647
13.34999999999976	3.5257551838168197
13.35999999999976	3.5236696433174055
13.36999999999976	3.52158065228774
13.37999999999976	3.51948821229382
13.389999999999759	3.5173923248988266
13.399999999999759	3.515292991663133
13.409999999999759	3.51319021414431
13.419999999999758	3.5110839938971328
13.429999999999758	3.508974332473586
13.439999999999758	3.5068612314228718
13.449999999999758	3.504744692291416
13.459999999999757	3.502624716622872
13.469999999999757	3.5005013059581302
13.479999999999757	3.4983744618353225
13.489999999999757	3.4962441857898283
13.499999999999757	3.4941104793542817
13.509999999999756	3.4919733440585765
13.519999999999756	3.4898327814298735
13.529999999999756	3.487688792992606
13.539999999999756	3.4855413802684865
13.549999999999756	3.483390544776511
13.559999999999755	3.4812362880329677
13.569999999999755	3.479078611551441
13.579999999999755	3.4769175168428186
13.589999999999755	3.474753005415297
13.599999999999755	3.472585078774388
13.609999999999754	3.4704137384229243
13.619999999999754	3.468238985861065
13.629999999999754	3.466060822586303
13.639999999999754	3.46387925009347
13.649999999999753	3.4616942698747413
13.659999999999753	3.4595058834196437
13.669999999999753	3.4573140922150603
13.679999999999753	3.4551188977452365
13.689999999999753	3.4529203014917864
13.699999999999752	3.4507183049336976
13.709999999999752	3.448512909547337
13.719999999999752	3.4463041168064583
13.729999999999752	3.444091928182206
13.739999999999752	3.4418763451431214
13.749999999999751	3.4396573691551486
13.759999999999751	3.437435001681641
13.76999999999975	3.4352092441833655
13.77999999999975	3.4329800981185095
13.78999999999975	3.4307475649426857
13.79999999999975	3.428511646108938
13.80999999999975	3.426272343067748
13.81999999999975	3.424029657267038
13.82999999999975	3.4217835901521805
13.83999999999975	3.419534143166
13.84999999999975	3.417281317748781
13.859999999999749	3.4150251153382727
13.869999999999749	3.4127655373696943
13.879999999999749	3.410502585275741
13.889999999999748	3.4082362604865897
13.899999999999748	3.4059665644299035
13.909999999999748	3.403693498530838
13.919999999999748	3.4014170642120463
13.929999999999747	3.399137262893685
13.939999999999747	3.3968540959934193
13.949999999999747	3.3945675649264273
13.959999999999747	3.392277671105408
13.969999999999747	3.389984415940584
13.979999999999746	3.387687800839708
13.989999999999746	3.3853878272080684
13.999999999999746	3.383084496448494
14.009999999999746	3.3807778099613603
14.019999999999746	3.378467769144593
14.029999999999745	3.376154375393675
14.039999999999745	3.373837630101651
14.049999999999745	3.3715175346591324
14.059999999999745	3.3691940904543034
14.069999999999744	3.366867298872925
14.079999999999744	3.3645371612983412
14.089999999999744	3.362203679111484
14.099999999999744	3.3598668536908782
14.109999999999744	3.3575266864126467
14.119999999999743	3.355183178650516
14.129999999999743	3.3528363317758205
14.139999999999743	3.3504861471575085
14.149999999999743	3.3481326261621467
14.159999999999743	3.3457757701539257
14.169999999999742	3.3434155804946646
14.179999999999742	3.341052058543816
14.189999999999742	3.338685205658472
14.199999999999742	3.336315023193368
14.209999999999742	3.333941512500888
14.219999999999741	3.331564674931071
14.229999999999741	3.3291845118316123
14.23999999999974	3.3268010245478736
14.24999999999974	3.324414214422884
14.25999999999974	3.3220240827973453
14.26999999999974	3.3196306310096397
14.27999999999974	3.3172338603958313
14.28999999999974	3.3148337722896732
14.29999999999974	3.3124303680226115
14.30999999999974	3.31002364892379
14.31999999999974	3.3076136163200553
14.329999999999739	3.305200271535962
14.339999999999739	3.3027836158937767
14.349999999999739	3.300363650713484
14.359999999999738	3.29794037731279
14.369999999999738	3.2955137970071275
14.379999999999738	3.2930839111096613
14.389999999999738	3.290650720931292
14.399999999999737	3.2882142277806614
14.409999999999737	3.285774432964158
14.419999999999737	3.283331337785919
14.429999999999737	3.2808849435478376
14.439999999999737	3.2784352515495674
14.449999999999736	3.275982263088526
14.459999999999736	3.2735259794598996
14.469999999999736	3.271066401956649
14.479999999999736	3.268603531869513
14.489999999999736	3.2661373704870136
14.499999999999735	3.2636679190954596
14.509999999999735	3.2611951789789533
14.519999999999735	3.2587191514193923
14.529999999999735	3.2562398376964765
14.539999999999734	3.253757239087711
14.549999999999734	3.251271356868412
14.559999999999734	3.24878219231171
14.569999999999734	3.246289746688555
14.579999999999734	3.2437940212677208
14.589999999999733	3.2412950173158093
14.599999999999733	3.238792736097256
14.609999999999733	3.236287178874333
14.619999999999733	3.233778346907154
14.629999999999733	3.23126624145368
14.639999999999732	3.2287508637697204
14.649999999999732	3.2262322151089418
14.659999999999732	3.2237102967228686
14.669999999999732	3.2211851098608895
14.679999999999731	3.2186566557702614
14.689999999999731	3.2161249356961132
14.699999999999731	3.2135899508814507
14.70999999999973	3.2110517025671608
14.71999999999973	3.208510191992016
14.72999999999973	3.2059654203926784
14.73999999999973	3.203417389003704
14.74999999999973	3.200866099057547
14.75999999999973	3.1983115517845646
14.76999999999973	3.1957537484130203
14.77999999999973	3.193192690169089
14.78999999999973	3.19062837827686
14.799999999999729	3.188060813958343
14.809999999999729	3.1854899984334715
14.819999999999729	3.182915932920106
14.829999999999728	3.18033861863404
14.839999999999728	3.1777580567890027
14.849999999999728	3.175174248596664
14.859999999999728	3.1725871952666376
14.869999999999727	3.1699968980064868
14.879999999999727	3.1674033580217276
14.889999999999727	3.1648065765158324
14.899999999999727	3.162206554690235
14.909999999999727	3.159603293744334
14.919999999999726	3.1569967948754973
14.929999999999726	3.1543870592790664
14.939999999999726	3.15177408814836
14.949999999999726	3.1491578826746776
14.959999999999726	3.1465384440473048
14.969999999999725	3.143915773453516
14.979999999999725	3.1412898720785796
14.989999999999725	3.138660741105761
14.999999999999725	3.1360283817163275
15.009999999999724	3.133392795089551
15.019999999999724	3.1307539824027133
15.029999999999724	3.1281119448311094
15.039999999999724	3.125466683548052
15.049999999999724	3.1228181997248736
15.059999999999723	3.1201664945309338
15.069999999999723	3.1175115691336197
15.079999999999723	3.1148534246983517
15.089999999999723	3.112192062388587
15.099999999999723	3.109527483365824
15.109999999999722	3.1068596887896054
15.119999999999722	3.1041886798175216
15.129999999999722	3.1015144576052163
15.139999999999722	3.0988370233063884
15.149999999999721	3.0961563780727976
15.159999999999721	3.093472523054267
15.169999999999721	3.0907854593986865
15.17999999999972	3.088095188252019
15.18999999999972	3.0854017107583007
15.19999999999972	3.082705028059648
15.20999999999972	3.08000514129626
15.21999999999972	3.077302051606421
15.22999999999972	3.074595760126506
15.23999999999972	3.071886267990985
15.24999999999972	3.069173576332424
15.25999999999972	3.0664576862814914
15.269999999999719	3.06373859896696
15.279999999999719	3.0610163155157117
15.289999999999718	3.058290837052741
15.299999999999718	3.0555621647011577
15.309999999999718	3.052830299582192
15.319999999999718	3.050095242815198
15.329999999999718	3.047356995517655
15.339999999999717	3.0446155588051753
15.349999999999717	3.0418709337915035
15.359999999999717	3.0391231215885233
15.369999999999717	3.0363721233062595
15.379999999999717	3.033617940052882
15.389999999999716	3.03086057293471
15.399999999999716	3.0281000230562136
15.409999999999716	3.0253362915200195
15.419999999999716	3.022569379426914
15.429999999999715	3.0197992878758466
15.439999999999715	3.017026017963932
15.449999999999715	3.014249570786456
15.459999999999715	3.0114699474368773
15.469999999999715	3.008687149006832
15.479999999999714	3.0059011765861365
15.489999999999714	3.0031120312627912
15.499999999999714	3.000319714122984
15.509999999999714	2.9975242262510937
15.519999999999714	2.9947255687296934
15.529999999999713	2.991923742639554
15.539999999999713	2.9891187490596485
15.549999999999713	2.9863105890671533
15.559999999999713	2.9834992637374538
15.569999999999713	2.9806847741441467
15.579999999999712	2.977867121359044
15.589999999999712	2.9750463064521755
15.599999999999712	2.972222330491793
15.609999999999712	2.969395194544373
15.619999999999711	2.9665648996746214
15.629999999999711	2.9637314469454754
15.639999999999711	2.9608948374181074
15.64999999999971	2.958055072151928
15.65999999999971	2.95521215220459
15.66999999999971	2.952366078631992
15.67999999999971	2.94951685248828
15.68999999999971	2.9466644748258526
15.69999999999971	2.9438089466953627
15.70999999999971	2.9409502691457226
15.71999999999971	2.938088443224106
15.729999999999709	2.9352234699759507
15.739999999999709	2.9323553504449635
15.749999999999709	2.929484085673123
15.759999999999708	2.926609676700681
15.769999999999708	2.9237321245661687
15.779999999999708	2.9208514303063984
15.789999999999708	2.917967594956466
15.799999999999708	2.915080619549755
15.809999999999707	2.912190505117941
15.819999999999707	2.9092972526909917
15.829999999999707	2.9064008632971734
15.839999999999707	2.903501337963052
15.849999999999707	2.9005986777134978
15.859999999999706	2.8976928835716866
15.869999999999706	2.894783956559105
15.879999999999706	2.891871897695552
15.889999999999706	2.888956707999143
15.899999999999705	2.8860383884863126
15.909999999999705	2.883116940171817
15.919999999999705	2.8801923640687397
15.929999999999705	2.877264661188491
15.939999999999705	2.874333832540813
15.949999999999704	2.8713998791337842
15.959999999999704	2.868462801973819
15.969999999999704	2.8655226020656737
15.979999999999704	2.862579280412448
15.989999999999704	2.8596328380155898
15.999999999999703	2.8566832758748952
16.009999999999703	2.853730594988515
16.019999999999705	2.8507747963529555
16.029999999999706	2.847815880963082
16.039999999999708	2.8448538498121216
16.04999999999971	2.841888703891668
16.05999999999971	2.838920444191682
16.069999999999713	2.8359490717004956
16.079999999999714	2.832974587404815
16.089999999999716	2.829996992289724
16.099999999999717	2.8270162873386857
16.10999999999972	2.824032473533547
16.11999999999972	2.8210455518545396
16.129999999999722	2.818055523280286
16.139999999999723	2.815062388787799
16.149999999999725	2.812066149352487
16.159999999999727	2.8090668059481554
16.169999999999728	2.8060643595470114
16.17999999999973	2.803058811119665
16.18999999999973	2.800050161635132
16.199999999999733	2.797038412060839
16.209999999999734	2.794023563362624
16.219999999999736	2.79100561650474
16.229999999999738	2.787984572449858
16.23999999999974	2.7849604321590706
16.24999999999974	2.781933196591893
16.259999999999742	2.7789028667062676
16.269999999999744	2.775869443458566
16.279999999999745	2.7728329278035924
16.289999999999747	2.769793320694585
16.29999999999975	2.766750623083221
16.30999999999975	2.7637048359196177
16.31999999999975	2.7606559601523357
16.329999999999753	2.757603996728382
16.339999999999755	2.7545489465932134
16.349999999999756	2.751490810690737
16.359999999999758	2.7484295899633167
16.36999999999976	2.745365285351771
16.37999999999976	2.742297897795381
16.389999999999763	2.739227428231889
16.399999999999764	2.7361538775975043
16.409999999999766	2.7330772468269036
16.419999999999767	2.729997536853235
16.42999999999977	2.726914748608121
16.43999999999977	2.7238288830216595
16.449999999999772	2.7207399410224284
16.459999999999773	2.7176479235374877
16.469999999999775	2.7145528314923815
16.479999999999777	2.711454665811142
16.489999999999778	2.708353427416291
16.49999999999978	2.705249117228843
16.50999999999978	2.7021417361683078
16.519999999999783	2.6990312851526936
16.529999999999784	2.695917765098509
16.539999999999786	2.6928011769207667
16.549999999999788	2.6896815215329846
16.55999999999979	2.686558799847189
16.56999999999979	2.6834330127739188
16.579999999999792	2.6803041612222254
16.589999999999794	2.677172246099677
16.599999999999795	2.6740372683123623
16.609999999999797	2.6708992287648896
16.6199999999998	2.667758128360393
16.6299999999998	2.6646139680005336
16.6399999999998	2.661466748585501
16.649999999999803	2.6583164710140177
16.659999999999805	2.6551631361833405
16.669999999999806	2.6520067449892637
16.679999999999808	2.648847298326121
16.68999999999981	2.645684797086789
16.69999999999981	2.6425192421626886
16.709999999999813	2.6393506344437885
16.719999999999814	2.636178974818607
16.729999999999816	2.633004264174215
16.739999999999817	2.6298265033962394
16.74999999999982	2.6266456933688627
16.75999999999982	2.6234618349748287
16.769999999999822	2.620274929095444
16.779999999999824	2.6170849766105793
16.789999999999825	2.613891978398673
16.799999999999827	2.610695935336734
16.809999999999828	2.6074968483003436
16.81999999999983	2.6042947181636573
16.82999999999983	2.6010895457994088
16.839999999999833	2.5978813320789116
16.849999999999834	2.594670077872061
16.859999999999836	2.5914557840473376
16.869999999999838	2.588238451471809
16.87999999999984	2.5850180810111323
16.88999999999984	2.581794673529557
16.899999999999842	2.5785682298899264
16.909999999999844	2.575338750953682
16.919999999999845	2.5721062375808628
16.929999999999847	2.568870690630111
16.93999999999985	2.5656321109586724
16.94999999999985	2.5623904994223996
16.95999999999985	2.5591458568757535
16.969999999999853	2.5558981841718067
16.979999999999855	2.552647482162245
16.989999999999856	2.5493937516973713
16.999999999999858	2.5461369936261056
17.00999999999986	2.542877208795989
17.01999999999986	2.5396143980531867
17.029999999999863	2.536348562242488
17.039999999999864	2.5330797022073104
17.049999999999866	2.5298078187897013
17.059999999999867	2.526532912830341
17.06999999999987	2.523254985168545
17.07999999999987	2.5199740366422647
17.089999999999872	2.5166900680880913
17.099999999999874	2.513403080341258
17.109999999999875	2.5101130742356417
17.119999999999877	2.506820050603766
17.129999999999878	2.503524010276802
17.13999999999988	2.5002249540845733
17.14999999999988	2.4969228828555554
17.159999999999883	2.4936177974168796
17.169999999999884	2.4903096985943347
17.179999999999886	2.486998587212369
17.189999999999888	2.4836844640940945
17.19999999999989	2.480367330061286
17.20999999999989	2.477047185934386
17.219999999999892	2.473724032532505
17.229999999999894	2.4703978706734255
17.239999999999895	2.4670687011736034
17.249999999999897	2.4637365248481693
17.2599999999999	2.4604013425109326
17.2699999999999	2.457063154974382
17.2799999999999	2.4537219630496887
17.289999999999903	2.4503777675467084
17.299999999999905	2.4470305692739838
17.309999999999906	2.4436803690387454
17.319999999999908	2.4403271676469154
17.32999999999991	2.4369709659031096
17.33999999999991	2.433611764610638
17.349999999999913	2.430249564571509
17.359999999999914	2.4268843665864304
17.369999999999916	2.423516171454812
17.379999999999917	2.4201449799747676
17.38999999999992	2.416770792943117
17.39999999999992	2.413393611155388
17.409999999999922	2.4100134354058196
17.419999999999924	2.4066302664873627
17.429999999999925	2.4032441051916833
17.439999999999927	2.3998549523091635
17.44999999999993	2.3964628086289053
17.45999999999993	2.393067674938731
17.46999999999993	2.3896695520251865
17.479999999999933	2.386268440673543
17.489999999999934	2.382864341667798
17.499999999999936	2.3794572557906806
17.509999999999938	2.376047183823649
17.51999999999994	2.372634126546896
17.52999999999994	2.3692180847393507
17.539999999999942	2.3657990591786793
17.549999999999944	2.3623770506412876
17.559999999999945	2.3589520599023235
17.569999999999947	2.3555240877356796
17.57999999999995	2.3520931349139933
17.58999999999995	2.3486592022086508
17.59999999999995	2.345222290389788
17.609999999999953	2.341782400226293
17.619999999999955	2.338339532485808
17.629999999999956	2.3348936879347315
17.639999999999958	2.33144486733822
17.64999999999996	2.3279930714601913
17.65999999999996	2.3245383010633236
17.669999999999963	2.3210805569090605
17.679999999999964	2.3176198397576115
17.689999999999966	2.3141561503679546
17.699999999999967	2.310689489497838
17.70999999999997	2.3072198579037813
17.71999999999997	2.3037472563410795
17.729999999999972	2.300271685563803
17.739999999999974	2.296793146324801
17.749999999999975	2.2933116393757023
17.759999999999977	2.289827165466918
17.76999999999998	2.2863397253476427
17.77999999999998	2.2828493197658584
17.78999999999998	2.2793559494683335
17.799999999999983	2.2758596152006274
17.809999999999985	2.272360317707091
17.819999999999986	2.2688580577308683
17.829999999999988	2.265352836013901
17.83999999999999	2.261844653296926
17.84999999999999	2.258333510319481
17.859999999999992	2.2548194078199053
17.869999999999994	2.2513023465353417
17.879999999999995	2.2477823272017377
17.889999999999997	2.2442593505538486
17.9	2.240733417325239
17.91	2.2372045282482835
17.92	2.2336726840541705
17.930000000000003	2.230137885472903
17.940000000000005	2.2266001332333007
17.950000000000006	2.223059428063002
17.960000000000008	2.219515770688466
17.97000000000001	2.215969161834973
17.98000000000001	2.2124196022266283
17.990000000000013	2.2088670925863636
18.000000000000014	2.205311633635938
18.010000000000016	2.2017532260959403
18.020000000000017	2.198191870685791
18.03000000000002	2.194627568123744
18.04000000000002	2.191060319126889
18.050000000000022	2.1874901244111524
18.060000000000024	2.1839169846912996
18.070000000000025	2.1803409006809362
18.080000000000027	2.1767618730925116
18.09000000000003	2.173179902637319
18.10000000000003	2.1695949900254976
18.11000000000003	2.1660071359660353
18.120000000000033	2.1624163411667694
18.130000000000035	2.1588226063343887
18.140000000000036	2.155225932174436
18.150000000000038	2.1516263193913088
18.16000000000004	2.148023768688262
18.17000000000004	2.1444182807674097
18.180000000000042	2.1408098563297258
18.190000000000044	2.137198496075047
18.200000000000045	2.133584200702074
18.210000000000047	2.1299669709083737
18.22000000000005	2.1263468073903806
18.23000000000005	2.1227237108433985
18.24000000000005	2.1190976819616023
18.250000000000053	2.1154687214380403
18.260000000000055	2.1118368299646355
18.270000000000056	2.108202008232187
18.280000000000058	2.104564256930372
18.29000000000006	2.100923576747748
18.30000000000006	2.0972799683717542
18.310000000000063	2.093633432488713
18.320000000000064	2.0899839697838316
18.330000000000066	2.086331580941205
18.340000000000067	2.0826762666438157
18.35000000000007	2.079018027573537
18.36000000000007	2.075356864411134
18.370000000000072	2.0716927778362657
18.380000000000074	2.0680257685274865
18.390000000000075	2.064355837162248
18.400000000000077	2.0606829844168995
18.41000000000008	2.057007210966692
18.42000000000008	2.0533285174857787
18.43000000000008	2.0496469046472154
18.440000000000083	2.0459623731229644
18.450000000000085	2.042274923583895
18.460000000000086	2.038584556699785
18.470000000000088	2.0348912731393236
18.48000000000009	2.0311950735701108
18.49000000000009	2.027495958658662
18.500000000000092	2.0237939290704063
18.510000000000094	2.020088985469692
18.520000000000095	2.016381128519784
18.530000000000097	2.0126703588828696
18.5400000000001	2.008956677220057
18.5500000000001	2.0052400841913784
18.5600000000001	2.001520580455791
18.570000000000103	1.9977981666711802
18.580000000000105	1.9940728434943582
18.590000000000106	1.9903446115810688
18.600000000000108	1.986613471585987
18.61000000000011	1.982879424162721
18.62000000000011	1.979142469963815
18.630000000000113	1.9754026096407489
18.640000000000114	1.9716598438439414
18.650000000000116	1.967914173222751
18.660000000000117	1.964165598425477
18.67000000000012	1.960414120099363
18.68000000000012	1.956659738890596
18.690000000000122	1.95290245544431
18.700000000000124	1.9491422704045862
18.710000000000125	1.945379184414456
18.720000000000127	1.9416131981159006
18.73000000000013	1.937844312149855
18.74000000000013	1.9340725271562074
18.75000000000013	1.9302978437738016
18.760000000000133	1.9265202626404394
18.770000000000135	1.9227397843928806
18.780000000000136	1.9189564096668457
18.790000000000138	1.9151701390970166
18.80000000000014	1.9113809733170393
18.81000000000014	1.9075889129595243
18.820000000000142	1.9037939586560486
18.830000000000144	1.8999961110371575
18.840000000000146	1.8961953707323655
18.850000000000147	1.8923917383701587
18.86000000000015	1.888585214577995
18.87000000000015	1.8847757999823074
18.88000000000015	1.8809634952085035
18.890000000000153	1.8771483008809688
18.900000000000155	1.8733302176230675
18.910000000000156	1.8695092460571436
18.920000000000158	1.8656853868045231
18.93000000000016	1.8618586404855149
18.94000000000016	1.8580290077194126
18.950000000000163	1.8541964891244962
18.960000000000164	1.8503610853180332
18.970000000000166	1.8465227969162805
18.980000000000167	1.8426816245344853
18.99000000000017	1.8388375687868872
19.00000000000017	1.8349906302867192
19.010000000000172	1.8311408096462094
19.020000000000174	1.8272881074765825
19.030000000000175	1.8234325243880616
19.040000000000177	1.8195740609898685
19.05000000000018	1.8157127178902264
19.06000000000018	1.8118484956963608
19.07000000000018	1.807981395014501
19.080000000000183	1.8041114164498817
19.090000000000185	1.8002385606067446
19.100000000000186	1.796362828088339
19.110000000000188	1.7924842194969244
19.12000000000019	1.7886027354337708
19.13000000000019	1.7847183764991612
19.140000000000192	1.7808311432923924
19.150000000000194	1.7769410364117768
19.160000000000196	1.773048056454643
19.170000000000197	1.7691522040173382
19.1800000000002	1.7652534796952293
19.1900000000002	1.761351884082704
19.200000000000202	1.757447417773173
19.210000000000203	1.75354008135907
19.220000000000205	1.7496298754318549
19.230000000000206	1.7457168005820136
19.240000000000208	1.7418008573990607
19.25000000000021	1.7378820464715397
19.26000000000021	1.7339603683870253
19.270000000000213	1.7300358237321243
19.280000000000214	1.7261084130924773
19.290000000000216	1.7221781370527602
19.300000000000217	1.7182449961966848
19.31000000000022	1.714308991107001
19.32000000000022	1.710370122365498
19.330000000000222	1.706428390553005
19.340000000000224	1.7024837962493942
19.350000000000225	1.6985363400335798
19.360000000000227	1.6945860224835214
19.37000000000023	1.6906328441762248
19.38000000000023	1.6866768056877428
19.39000000000023	1.6827179075931769
19.400000000000233	1.6787561504666788
19.410000000000235	1.6747915348814517
19.420000000000236	1.6708240614097516
19.430000000000238	1.6668537306228883
19.44000000000024	1.6628805430912275
19.45000000000024	1.6589044993841915
19.460000000000242	1.6549256000702608
19.470000000000244	1.6509438457169752
19.480000000000246	1.6469592368909356
19.490000000000247	1.6429717741578047
19.50000000000025	1.6389814580823088
19.51000000000025	1.634988289228239
19.520000000000252	1.6309922681584526
19.530000000000253	1.6269933954348736
19.540000000000255	1.6229916716184958
19.550000000000257	1.6189870972693823
19.560000000000258	1.6149796729466677
19.57000000000026	1.610969399208559
19.58000000000026	1.6069562766123375
19.590000000000263	1.6029403057143596
19.600000000000264	1.598921487070058
19.610000000000266	1.5948998212339436
19.620000000000267	1.590875308759606
19.63000000000027	1.5868479501997155
19.64000000000027	1.5828177461060238
19.650000000000272	1.5787846970293657
19.660000000000274	1.5747488035196602
19.670000000000275	1.570710066125912
19.680000000000277	1.5666684853962118
19.69000000000028	1.5626240618777394
19.70000000000028	1.5585767961167634
19.71000000000028	1.5545266886586426
19.720000000000283	1.5504737400478283
19.730000000000285	1.5464179508278646
19.740000000000286	1.54235932154139
19.750000000000288	1.5382978527301383
19.76000000000029	1.5342335449349405
19.77000000000029	1.5301663986957255
19.780000000000292	1.5260964145515217
19.790000000000294	1.522023593040458
19.800000000000296	1.517947934699765
19.810000000000297	1.5138694400657766
19.8200000000003	1.5097881096739307
19.8300000000003	1.5057039440587712
19.840000000000302	1.5016169437539482
19.850000000000303	1.4975271092922198
19.860000000000305	1.4934344412054539
19.870000000000307	1.4893389400246282
19.880000000000308	1.4852406062798322
19.89000000000031	1.4811394405002685
19.90000000000031	1.4770354432142536
19.910000000000313	1.4729286149492191
19.920000000000314	1.4688189562317133
19.930000000000316	1.4647064675874022
19.940000000000317	1.4605911495410706
19.95000000000032	1.4564730026166235
19.96000000000032	1.452352027337087
19.970000000000322	1.4482282242246096
19.980000000000324	1.4441015938004642
19.990000000000325	1.4399721365850477
20.000000000000327	1.4358398530978833
