0.01	1.02
0.02	1.0395192307692307
0.03	1.0585928924776122
0.04	1.0772519220404788
0.05	1.0955236898708804
0.060000000000000005	1.1134325560680278
0.07	1.1310003193111486
0.08	1.1482465827881736
0.09	1.1651890552145299
0.09999999999999999	1.1818438005214769
0.10999999999999999	1.198225446552589
0.11999999999999998	1.2143473607282447
0.12999999999999998	1.2302217988700408
0.13999999999999999	1.2458600320478612
0.15	1.2612724553023027
0.16	1.276468681320043
0.17	1.291457621539412
0.18000000000000002	1.3062475566944671
0.19000000000000003	1.3208461984366016
0.20000000000000004	1.3352607433797408
0.21000000000000005	1.3494979206811053
0.22000000000000006	1.3635640340812507
0.23000000000000007	1.3774649991747339
0.24000000000000007	1.391206376558703
0.25000000000000006	1.404793401405172
0.26000000000000006	1.4182310099191564
0.2700000000000001	1.4315238630757354
0.2800000000000001	1.4446763679716492
0.2900000000000001	1.4576926970790924
0.3000000000000001	1.4705768056491506
0.3100000000000001	1.4833324474784826
0.3200000000000001	1.4959631892242387
0.3300000000000001	1.5084724234279372
0.34000000000000014	1.5208633803883598
0.35000000000000014	1.533139139005871
0.36000000000000015	1.545302636705441
0.37000000000000016	1.5573566785326387
0.38000000000000017	1.5693039455056468
0.3900000000000002	1.581147002296642
0.4000000000000002	1.5928883043074729
0.4100000000000002	1.604530204197243
0.4200000000000002	1.6160749579130302
0.4300000000000002	1.6275247302693903
0.4400000000000002	1.6388816001174051
0.45000000000000023	1.650147565139749
0.46000000000000024	1.661324546304458
0.47000000000000025	1.6724143920067631
0.48000000000000026	1.6834188819253981
0.49000000000000027	1.6943397306171806
0.5000000000000002	1.7051785908713541
0.5100000000000002	1.7159370568431156
0.5200000000000002	1.7266166669839194
0.5300000000000002	1.7372189067845114
0.5400000000000003	1.7477452113451857
0.5500000000000003	1.7581969677864402
0.5600000000000003	1.7685755175120395
0.5700000000000003	1.7788821583354317
0.5800000000000003	1.7891181464795187
0.5900000000000003	1.7992846984589237
0.6000000000000003	1.8093829928531253
0.6100000000000003	1.8194141719781334
0.6200000000000003	1.8293793434637458
0.6300000000000003	1.8392795817428575
0.6400000000000003	1.8491159294587722
0.6500000000000004	1.8588893987959934
0.6600000000000004	1.8686009727395485
0.6700000000000004	1.8782516062675036
0.6800000000000004	1.8878422274809727
0.6900000000000004	1.8973737386756004
0.7000000000000004	1.9068470173582015
0.7100000000000004	1.9162629172119658
0.7200000000000004	1.9256222690133922
0.7300000000000004	1.9349258815038832
0.7400000000000004	1.9441745422187289
0.7500000000000004	1.953369018276008
0.7600000000000005	1.9625100571277665
0.7700000000000005	1.9715983872756653
0.7800000000000005	1.9806347189531415
0.7900000000000005	1.9896197447759885
0.8000000000000005	1.9985541403631355
0.8100000000000005	2.007438564929285
0.8200000000000005	2.016273661850964
0.8300000000000005	2.025060059207434
0.8400000000000005	2.03379837029783
0.8500000000000005	2.042489194135789
0.8600000000000005	2.0511331159227657
0.8700000000000006	2.059730707501158
0.8800000000000006	2.068282527788284
0.8900000000000006	2.0767891231921976
0.9000000000000006	2.0852510280102736
0.9100000000000006	2.093668764811428
0.9200000000000006	2.102042844802791
0.9300000000000006	2.110373768181605
0.9400000000000006	2.1186620244730783
0.9500000000000006	2.126908092854866
0.9600000000000006	2.1351124424688335
0.9700000000000006	2.143275532720709
0.9800000000000006	2.151397813568192
0.9900000000000007	2.1594797257980685
1.0000000000000007	2.1675217012928374
1.0100000000000007	2.175524163287339
1.0200000000000007	2.1834875266158362
1.0300000000000007	2.191412197949987
1.0400000000000007	2.1992985760281156
1.0500000000000007	2.207147051876168
1.0600000000000007	2.2149580090207284
1.0700000000000007	2.2227318236944322
1.0800000000000007	2.2304688650341187
1.0900000000000007	2.2381694952720284
1.1000000000000008	2.245834069920348
1.1100000000000008	2.2534629379493825
1.1200000000000008	2.2610564419596244
1.1300000000000008	2.2686149183479767
1.1400000000000008	2.276138697468368
1.1500000000000008	2.2836281037869965
1.1600000000000008	2.2910834560324167
1.1700000000000008	2.298505067340683
1.1800000000000008	2.3058932453957435
1.1900000000000008	2.3132482925652815
1.2000000000000008	2.320570506032177
1.2100000000000009	2.3278601779217656
1.2200000000000009	2.335117595425058
1.2300000000000009	2.3423430409180774
1.2400000000000009	2.349536792077461
1.2500000000000009	2.3566991219924733
1.260000000000001	2.3638302992735647
1.270000000000001	2.370930588157605
1.280000000000001	2.3780002486099177
1.290000000000001	2.385039536423235
1.300000000000001	2.3920487033136832
1.310000000000001	2.399027997013912
1.320000000000001	2.4059776613634694
1.330000000000001	2.412897936396521
1.340000000000001	2.419789058427011
1.350000000000001	2.4266512601313566
1.360000000000001	2.4334847706287586
1.370000000000001	2.4402898155592196
1.380000000000001	2.447066617159343
1.390000000000001	2.453815394335994
1.400000000000001	2.460536362737896
1.410000000000001	2.4672297348252306
1.420000000000001	2.473895719937313
1.430000000000001	2.480534524358406
1.440000000000001	2.487146351381734
1.450000000000001	2.49373140137176
1.460000000000001	2.5002898718247826
1.470000000000001	2.506821957427905
1.480000000000001	2.5133278501164353
1.490000000000001	2.5198077391297664
1.500000000000001	2.5262618110657815
1.5100000000000011	2.5326902499338386
1.5200000000000011	2.5390932372063775
1.5300000000000011	2.5454709518691896
1.5400000000000011	2.551823570470399
1.5500000000000012	2.5581512671681903
1.5600000000000012	2.5644542137773243
1.5700000000000012	2.57073257981448
1.5800000000000012	2.5769865325424592
1.5900000000000012	2.583216237013285
1.6000000000000012	2.589421856110236
1.6100000000000012	2.595603550588836
1.6200000000000012	2.6017614791168477
1.6300000000000012	2.607895798313282
1.6400000000000012	2.6140066627864673
1.6500000000000012	2.6200942251711976
1.6600000000000013	2.6261586361649916
1.6700000000000013	2.6322000445634846
1.6800000000000013	2.6382185972949843
1.6900000000000013	2.644214439454208
1.7000000000000013	2.6501877143352304
1.7100000000000013	2.6561385634636627
1.7200000000000013	2.6620671266280844
1.7300000000000013	2.667973541910749
1.7400000000000013	2.673857945717586
1.7500000000000013	2.6797204728075164
1.7600000000000013	2.6855612563211033
1.7700000000000014	2.6913804278085554
1.7800000000000014	2.6971781172570997
1.7900000000000014	2.7029544531177425
1.8000000000000014	2.708709562331436
1.8100000000000014	2.7144435703546645
1.8200000000000014	2.720156601184469
1.8300000000000014	2.725848777382921
1.8400000000000014	2.7315202201010655
1.8500000000000014	2.7371710491023427
1.8600000000000014	2.7428013827855064
1.8700000000000014	2.748411338207049
1.8800000000000014	2.7540010311031473
1.8900000000000015	2.7595705759111437
1.9000000000000015	2.76512008579057
1.9100000000000015	2.770649672643731
1.9200000000000015	2.7761594471358575
1.9300000000000015	2.781649518714837
1.9400000000000015	2.787119995630537
1.9500000000000015	2.792570984953727
1.9600000000000015	2.7980025925946173
1.9700000000000015	2.803414923321011
1.9800000000000015	2.808808080776093
1.9900000000000015	2.8141821674958556
2.0000000000000013	2.819537284926174
2.010000000000001	2.824873533439539
2.020000000000001	2.830191012351454
2.0300000000000007	2.8354898199365097
2.0400000000000005	2.8407700534441367
2.0500000000000003	2.846031809114051
2.06	2.8512751821913946
2.07	2.856500266941582
2.0799999999999996	2.8617071566648575
2.0899999999999994	2.866895943710571
2.099999999999999	2.87206671949118
2.109999999999999	2.877219574495982
2.1199999999999988	2.882354598304585
2.1299999999999986	2.8874718796001226
2.1399999999999983	2.89257150618222
2.149999999999998	2.8976535649797133
2.159999999999998	2.9027181420631334
2.1699999999999977	2.907765322656955
2.1799999999999975	2.9127951911516172
2.1899999999999973	2.9178078311153257
2.199999999999997	2.922803325305632
2.209999999999997	2.9277817556808037
2.2199999999999966	2.9327432034109884
2.2299999999999964	2.93768774888917
2.239999999999996	2.94261547174193
2.249999999999996	2.9475264508400136
2.259999999999996	2.9524207643087075
2.2699999999999956	2.957298489538029
2.2799999999999954	2.9621597031927367
2.289999999999995	2.967004481222162
2.299999999999995	2.971832898869867
2.3099999999999947	2.9766450306831347
2.3199999999999945	2.9814409505222885
2.3299999999999943	2.986220731569854
2.339999999999994	2.990984446339558
2.349999999999994	2.995732166685174
2.3599999999999937	3.000463963809214
2.3699999999999934	3.0051799082714714
2.3799999999999932	3.009880069997418
2.389999999999993	3.014564518286458
2.399999999999993	3.019233321820043
2.4099999999999926	3.023886548669646
2.4199999999999924	3.028524266304606
2.429999999999992	3.0331465415998404
2.439999999999992	3.037753440843425
2.4499999999999917	3.0423450297440504
2.4599999999999915	3.046921373438358
2.4699999999999913	3.0514825364981464
2.479999999999991	3.05602858293747
2.489999999999991	3.060559576219612
2.4999999999999907	3.0650755792639504
2.5099999999999905	3.0695766544527077
2.5199999999999902	3.074062863637595
2.52999999999999	3.078534268146345
2.53999999999999	3.082990928789145
2.5499999999999896	3.087432905864962
2.5599999999999894	3.09186025916777
2.569999999999989	3.0962730479926774
2.579999999999989	3.100671331141957
2.5899999999999888	3.105055166930983
2.5999999999999885	3.1094246131940704
2.6099999999999883	3.113779727290228
2.619999999999988	3.1181205661088187
2.629999999999988	3.1224471860751315
2.6399999999999877	3.1267596431558697
2.6499999999999875	3.1310579928645517
2.6599999999999873	3.1353422902668306
2.669999999999987	3.1396125899857315
2.679999999999987	3.1438689462068092
2.6899999999999866	3.1481114126832273
2.6999999999999864	3.1523400427407604
2.709999999999986	3.1565548892827207
2.719999999999986	3.1607560047948104
2.7299999999999858	3.1649434413499016
2.7399999999999856	3.169117250612744
2.7499999999999853	3.173277483844604
2.759999999999985	3.1774241919078343
2.769999999999985	3.181557425270374
2.7799999999999847	3.185677234010187
2.7899999999999845	3.1897836678196287
2.7999999999999843	3.1938767760097555
2.809999999999984	3.197956607514567
2.819999999999984	3.2020232108951885
2.8299999999999836	3.2060766343439915
2.8399999999999834	3.210116925688657
2.849999999999983	3.2141441323961772
2.859999999999983	3.2181583015768034
2.869999999999983	3.222159479987934
2.8799999999999826	3.2261477140379498
2.8899999999999824	3.2301230497899933
2.899999999999982	3.2340855329656955
2.909999999999982	3.2380352089488493
2.9199999999999817	3.2419721227890324
2.9299999999999815	3.2458963192051775
2.9399999999999813	3.2498078425890955
2.949999999999981	3.2537067370089465
2.959999999999981	3.257593046212665
2.9699999999999807	3.261466813631338
2.9799999999999804	3.265328082382532
2.9899999999999802	3.2691768952735836
2.99999999999998	3.273013294804833
3.00999999999998	3.276837323172825
3.0199999999999796	3.280649022273457
3.0299999999999794	3.2844484337050903
3.039999999999979	3.2882355987716188
3.049999999999979	3.2920105584854915
3.0599999999999787	3.2957733535707017
3.0699999999999785	3.2995240244657293
3.0799999999999783	3.303262611326449
3.089999999999978	3.306989154028997
3.099999999999978	3.310703692172599
3.1099999999999777	3.3144062650823654
3.1199999999999775	3.3180969118120434
3.1299999999999772	3.3217756711467374
3.139999999999977	3.325442581605593
3.149999999999977	3.329097681444443
3.1599999999999766	3.332741008658424
3.1699999999999764	3.3363726009845545
3.179999999999976	3.3399924959042817
3.189999999999976	3.3436007306459956
3.1999999999999758	3.3471973421875103
3.2099999999999755	3.3507823672585126
3.2199999999999753	3.354355842342982
3.229999999999975	3.3579178036815764
3.239999999999975	3.3614682872739894
3.2499999999999747	3.3650073288812785
3.2599999999999745	3.368534964028162
3.2699999999999743	3.3720512280052883
3.279999999999974	3.3755561558714753
3.289999999999974	3.3790497824559234
3.2999999999999736	3.3825321423604007
3.3099999999999734	3.3860032699614
3.319999999999973	3.3894631994122686
3.329999999999973	3.3929119646453145
3.3399999999999728	3.3963495993738833
3.3499999999999726	3.399776137094411
3.3599999999999723	3.403191611088453
3.369999999999972	3.4065960544246847
3.379999999999972	3.409989499960883
3.3899999999999717	3.4133719803458775
3.3999999999999715	3.4167435280214833
3.4099999999999713	3.420104175224407
3.419999999999971	3.423453953988131
3.429999999999971	3.426792896144777
3.4399999999999706	3.4301210333269423
3.4499999999999704	3.4334383969695206
3.45999999999997	3.4367450183114943
3.46999999999997	3.4400409283977114
3.47999999999997	3.443326158080637
3.4899999999999696	3.446600738022087
3.4999999999999694	3.44986469869494
3.509999999999969	3.4531180703848285
3.519999999999969	3.4563608831918122
3.5299999999999687	3.4595931670320303
3.5399999999999685	3.4628149516393343
3.5499999999999683	3.466026266566902
3.559999999999968	3.469227141188836
3.569999999999968	3.4724176047017363
3.5799999999999677	3.4755976861262634
3.5899999999999674	3.478767414308677
3.5999999999999672	3.48192681792236
3.609999999999967	3.4850759254693253
3.619999999999967	3.4882147652817026
3.6299999999999666	3.4913433655232127
3.6399999999999664	3.4944617541906213
3.649999999999966	3.497569959115177
3.659999999999966	3.5006680079640353
3.6699999999999657	3.503755928241664
3.6799999999999655	3.506833747291234
3.6899999999999653	3.5099014922959957
3.699999999999965	3.5129591902806356
3.709999999999965	3.516006868112624
3.7199999999999647	3.5190445525035434
3.7299999999999645	3.522072270010403
3.7399999999999642	3.52509004703694
3.749999999999964	3.5280979098349055
3.759999999999964	3.531095884505335
3.7699999999999636	3.5340839969998075
3.7799999999999634	3.5370622731216907
3.789999999999963	3.5400307385273706
3.799999999999963	3.5429894187274673
3.8099999999999627	3.5459383390880417
3.8199999999999625	3.5488775248317848
3.8299999999999623	3.5518070010391964
3.839999999999962	3.5547267926497503
3.849999999999962	3.557636924463048
3.8599999999999617	3.5605374211399576
3.8699999999999615	3.5634283072037447
3.8799999999999613	3.566309607041186
3.889999999999961	3.5691813449036762
3.899999999999961	3.5720435449083188
3.9099999999999606	3.574896231039009
3.9199999999999604	3.577739427147503
3.92999999999996	3.5805731569544754
3.93999999999996	3.583397444050568
3.9499999999999598	3.586212311897426
3.9599999999999596	3.589017783828723
3.9699999999999593	3.591813883051177
3.979999999999959	3.5946006326455544
3.989999999999959	3.5973780555676624
3.9999999999999587	3.600146174649335
4.009999999999959	3.6029050125994053
4.019999999999959	3.6056545920046696
4.0299999999999585	3.608394935330841
4.039999999999958	3.6111260649234915
4.049999999999958	3.6138480030089895
4.059999999999958	3.616560771695421
4.069999999999958	3.6192643929735073
4.079999999999957	3.62195888871751
4.089999999999957	3.624644280686128
4.099999999999957	3.6273205905233854
4.109999999999957	3.6299878397595093
4.119999999999957	3.6326460498118016
4.129999999999956	3.6352952419854985
4.139999999999956	3.6379354374746242
4.149999999999956	3.640566657362835
4.159999999999956	3.6431889226242538
4.1699999999999555	3.645802254124299
4.179999999999955	3.6484066726205033
4.189999999999955	3.651002198763324
4.199999999999955	3.653588853096948
4.209999999999955	3.6561666560600843
4.2199999999999545	3.658735627986754
4.229999999999954	3.661295789107068
4.239999999999954	3.663847159548002
4.249999999999954	3.6663897593341566
4.259999999999954	3.668923608388518
4.269999999999953	3.671448726533207
4.279999999999953	3.673965133490221
4.289999999999953	3.6764728488821685
4.299999999999953	3.6789718922329997
4.3099999999999525	3.681462282968726
4.319999999999952	3.6839440404181345
4.329999999999952	3.686417183813496
4.339999999999952	3.6888817322912653
4.349999999999952	3.691337704892775
4.3599999999999515	3.693785120564925
4.369999999999951	3.69622399816086
4.379999999999951	3.698654356440647
4.389999999999951	3.701076214071942
4.399999999999951	3.703489589630652
4.40999999999995	3.705894501601591
4.41999999999995	3.708290968379129
4.42999999999995	3.7106790082678356
4.43999999999995	3.713058639483117
4.4499999999999496	3.715429880151848
4.459999999999949	3.717792748312999
4.469999999999949	3.720147261918251
4.479999999999949	3.722493438832615
4.489999999999949	3.7248312968350383
4.4999999999999485	3.7271608536190057
4.509999999999948	3.7294821267931386
4.519999999999948	3.7317951338817865
4.529999999999948	3.734099892325613
4.539999999999948	3.7363964194821766
4.549999999999947	3.7386847326265067
4.559999999999947	3.7409648489516734
4.569999999999947	3.7432367855693536
4.579999999999947	3.745500559510391
4.589999999999947	3.7477561877253507
4.599999999999946	3.7500036870850693
4.609999999999946	3.7522430743812
4.619999999999946	3.754474366326753
4.629999999999946	3.7566975795566315
4.6399999999999455	3.758912730628161
4.649999999999945	3.7611198360216167
4.659999999999945	3.7633189121407424
4.669999999999945	3.7655099753132695
4.679999999999945	3.767693041791427
4.689999999999944	3.769868127752451
4.699999999999944	3.772035249299085
4.709999999999944	3.774194422460081
4.719999999999944	3.7763456631906926
4.729999999999944	3.778488987373164
4.739999999999943	3.7806244108172162
4.749999999999943	3.782751949260529
4.759999999999943	3.784871618369217
4.769999999999943	3.786983433738303
4.7799999999999425	3.789087410892186
4.789999999999942	3.7911835652851082
4.799999999999942	3.793271912301613
4.809999999999942	3.795352467257004
4.819999999999942	3.7974252453977955
4.8299999999999415	3.7994902619021635
4.839999999999941	3.80154753188039
4.849999999999941	3.8035970703753046
4.859999999999941	3.805638892362721
4.869999999999941	3.8076730127518728
4.87999999999994	3.8096994463858405
4.88999999999994	3.8117182080419814
4.89999999999994	3.8137293124323497
4.90999999999994	3.815732774204117
4.9199999999999395	3.8177286079399884
4.929999999999939	3.8197168281586134
4.939999999999939	3.8216974493149958
4.949999999999939	3.8236704858008985
4.959999999999939	3.825635951945246
4.9699999999999385	3.8275938620145213
4.979999999999938	3.8295442302131635
4.989999999999938	3.8314870706839574
4.999999999999938	3.833422397508425
5.009999999999938	3.835350224707208
5.019999999999937	3.837270566240452
5.029999999999937	3.839183436008185
5.039999999999937	3.8410888478506933
5.049999999999937	3.842986815548895
5.0599999999999365	3.844877352824709
5.069999999999936	3.8467604733414227
5.079999999999936	3.848636190704055
5.089999999999936	3.8505045184597186
5.099999999999936	3.8523654700979755
5.1099999999999355	3.8542190590511938
5.119999999999935	3.8560652986949
5.129999999999935	3.857904202348127
5.139999999999935	3.859735783273762
5.149999999999935	3.861560054678889
5.159999999999934	3.8633770297151298
5.169999999999934	3.8651867214789832
5.179999999999934	3.8669891430121592
5.189999999999934	3.8687843073019126
5.199999999999934	3.8705722272813725
5.209999999999933	3.87235291582987
5.219999999999933	3.8741263857732635
5.229999999999933	3.8758926498842605
5.239999999999933	3.8776517208827372
5.2499999999999325	3.879403611436056
5.259999999999932	3.88114833415938
5.269999999999932	3.8828859016159862
5.279999999999932	3.884616326317573
5.289999999999932	3.886339620724569
5.299999999999931	3.8880557972464396
5.309999999999931	3.889764868241986
5.319999999999931	3.891466846019647
5.329999999999931	3.8931617428377985
5.339999999999931	3.894849570905046
5.34999999999993	3.89653034238052
5.35999999999993	3.8982040693741657
5.36999999999993	3.8998707639470327
5.37999999999993	3.90153043811156
5.3899999999999295	3.903183103831862
5.399999999999929	3.90482877302401
5.409999999999929	3.9064674575563103
5.419999999999929	3.908099169249585
5.429999999999929	3.909723919877446
5.4399999999999284	3.9113417211665675
5.449999999999928	3.91295258479696
5.459999999999928	3.9145565224022367
5.469999999999928	3.916153545569884
5.479999999999928	3.9177436658415234
5.489999999999927	3.9193268947131776
5.499999999999927	3.9209032436355304
5.509999999999927	3.9224727240141863
5.519999999999927	3.9240353472099283
5.5299999999999265	3.9255911245389723
5.539999999999926	3.9271400672732213
5.549999999999926	3.928682186640517
5.559999999999926	3.93021749382489
5.569999999999926	3.9317459999668074
5.5799999999999255	3.9332677161634173
5.589999999999925	3.934782653468795
5.599999999999925	3.936290822894185
5.609999999999925	3.937792235408241
5.619999999999925	3.939286901937265
5.629999999999924	3.9407748333654444
5.639999999999924	3.9422560405350873
5.649999999999924	3.943730534246856
5.659999999999924	3.945198325259999
5.6699999999999235	3.9466594242925805
5.679999999999923	3.94811384202171
5.689999999999923	3.9495615890837676
5.699999999999923	3.9510026760746317
5.709999999999923	3.9524371135498995
5.7199999999999225	3.9538649120251104
5.729999999999922	3.955286081975966
5.739999999999922	3.9567006338385498
5.749999999999922	3.9581085780095426
5.759999999999922	3.9595099248464387
5.769999999999921	3.9609046846677605
5.779999999999921	3.9622928677532703
5.789999999999921	3.9636744843441813
5.799999999999921	3.965049544643367
5.809999999999921	3.966418058815569
5.81999999999992	3.9677800369876035
5.82999999999992	3.9691354892485666
5.83999999999992	3.970484425650038
5.84999999999992	3.971826856206281
5.8599999999999195	3.9731627908944462
5.869999999999919	3.9744922396547686
5.879999999999919	3.9758152123907653
5.889999999999919	3.9771317189694333
5.899999999999919	3.978441769221443
5.909999999999918	3.9797453729413332
5.919999999999918	3.9810425398877025
5.929999999999918	3.9823332797833997
5.939999999999918	3.983617602315715
5.949999999999918	3.984895517136566
5.959999999999917	3.9861670338626873
5.969999999999917	3.9874321620758146
5.979999999999917	3.988690911322869
5.989999999999917	3.9899432911161394
5.9999999999999165	3.991189310933467
6.009999999999916	3.9924289802184223
6.019999999999916	3.9936623083804874
6.029999999999916	3.9948893047952323
6.039999999999916	3.9961099788044923
6.0499999999999154	3.997324339716543
6.059999999999915	3.9985323968062767
6.069999999999915	3.9997341593153726
6.079999999999915	4.000929636452471
6.089999999999915	4.002118837393344
6.099999999999914	4.003301771281064
6.109999999999914	4.004478447226174
6.119999999999914	4.005648874306853
6.129999999999914	4.006813061569083
6.1399999999999135	4.007971018026817
6.149999999999913	4.009122752662136
6.159999999999913	4.01026827442542
6.169999999999913	4.011407592235504
6.179999999999913	4.012540714979843
6.1899999999999125	4.013667651514666
6.199999999999912	4.014788410665142
6.209999999999912	4.015903001225531
6.219999999999912	4.017011431959342
6.229999999999912	4.018113711599494
6.239999999999911	4.01920984884846
6.249999999999911	4.020299852378431
6.259999999999911	4.0213837308314595
6.269999999999911	4.022461492819618
6.2799999999999105	4.023533146925144
6.28999999999991	4.024598701700591
6.29999999999991	4.02565816566898
6.30999999999991	4.026711547323941
6.31999999999991	4.027758855129866
6.3299999999999095	4.028800097522046
6.339999999999909	4.0298352829068245
6.349999999999909	4.030864419661735
6.359999999999909	4.0318875161356456
6.369999999999909	4.032904580648902
6.379999999999908	4.033915621493464
6.389999999999908	4.034920646933051
6.399999999999908	4.035919665203275
6.409999999999908	4.036912684511785
6.419999999999908	4.0378997130383985
6.429999999999907	4.03888075893524
6.439999999999907	4.039855830326876
6.449999999999907	4.040824935310451
6.459999999999907	4.041788081955819
6.4699999999999065	4.042745278305678
6.479999999999906	4.043696532375699
6.489999999999906	4.04464185215466
6.499999999999906	4.045581245604577
6.509999999999906	4.046514720660829
6.519999999999905	4.04744228523229
6.529999999999905	4.048363947201458
6.539999999999905	4.049279714424577
6.549999999999905	4.050189594731766
6.559999999999905	4.051093595927146
6.569999999999904	4.051991725788962
6.579999999999904	4.052883992069708
6.589999999999904	4.053770402496248
6.599999999999904	4.054650964769941
6.6099999999999035	4.05552568656676
6.619999999999903	4.056394575537416
6.629999999999903	4.057257639307473
6.639999999999903	4.05811488547747
6.649999999999903	4.05896632162304
6.659999999999902	4.059811955295028
6.669999999999902	4.060651794019604
6.679999999999902	4.061485845298383
6.689999999999902	4.0623141166085395
6.699999999999902	4.063136615402923
6.709999999999901	4.063953349110171
6.719999999999901	4.06476432513482
6.729999999999901	4.065569550857423
6.739999999999901	4.066369033634658
6.7499999999999005	4.067162780799441
6.7599999999999	4.067950799661037
6.7699999999999	4.068733097505166
6.7799999999999	4.069509681594116
6.7899999999999	4.070280559166853
6.7999999999998995	4.071045737439122
6.809999999999899	4.071805223603563
6.819999999999899	4.072559024829809
6.829999999999899	4.0733071482646
6.839999999999899	4.0740496010318825
6.849999999999898	4.074786390232915
6.859999999999898	4.075517522946375
6.869999999999898	4.0762430062284585
6.879999999999898	4.076962847112987
6.8899999999998975	4.077677052611504
6.899999999999897	4.078385629713383
6.909999999999897	4.079088585385923
6.919999999999897	4.079785926574452
6.929999999999897	4.080477660202425
6.9399999999998965	4.081163793171524
6.949999999999896	4.081844332361756
6.959999999999896	4.082519284631552
6.969999999999896	4.083188656817861
6.979999999999896	4.0838524557362526
6.989999999999895	4.084510688181007
6.999999999999895	4.085163360925215
7.009999999999895	4.08581048072087
7.019999999999895	4.086452054298964
7.0299999999998946	4.087088088369583
7.039999999999894	4.087718589621998
7.049999999999894	4.088343564724757
7.059999999999894	4.08896302032578
7.069999999999894	4.089576963052449
7.0799999999998935	4.090185399511701
7.089999999999893	4.090788336290115
7.099999999999893	4.091385779954005
7.109999999999893	4.091977737049511
7.119999999999893	4.092564214102684
7.129999999999892	4.093145217619577
7.139999999999892	4.093720754086332
7.149999999999892	4.094290829969269
7.159999999999892	4.094855451714972
7.169999999999892	4.095414625750375
7.179999999999891	4.095968358482849
7.189999999999891	4.096516656300286
7.199999999999891	4.097059525571188
7.209999999999891	4.0975969726447445
7.2199999999998905	4.098129003850924
7.22999999999989	4.098655625500552
7.23999999999989	4.099176843885396
7.24999999999989	4.099692665278251
7.25999999999989	4.100203095933017
7.269999999999889	4.10070814208478
7.279999999999889	4.101207809949901
7.289999999999889	4.101702105726088
7.299999999999889	4.1021910355924796
7.309999999999889	4.102674605709726
7.319999999999888	4.103152822220068
7.329999999999888	4.103625691247411
7.339999999999888	4.104093218897414
7.349999999999888	4.104555411257555
7.3599999999998875	4.105012274397217
7.369999999999887	4.1054638143677655
7.379999999999887	4.105910037202618
7.389999999999887	4.106350948917327
7.399999999999887	4.106786555509654
7.4099999999998865	4.1072168629596435
7.419999999999886	4.107641877229699
7.429999999999886	4.108061604264658
7.439999999999886	4.108476049991865
7.449999999999886	4.108885220321247
7.459999999999885	4.109289121145385
7.469999999999885	4.109687758339587
7.479999999999885	4.110081137761961
7.489999999999885	4.1104692652534895
7.4999999999998845	4.110852146638096
7.509999999999884	4.111229787722721
7.519999999999884	4.11160219429739
7.529999999999884	4.111969372135286
7.539999999999884	4.112331326992819
7.5499999999998835	4.112688064609693
7.559999999999883	4.113039590708981
7.569999999999883	4.11338591099719
7.579999999999883	4.113727031164329
7.589999999999883	4.114062956883979
7.599999999999882	4.114393693813362
7.609999999999882	4.114719247593405
7.619999999999882	4.115039623848811
7.629999999999882	4.1153548281881225
7.6399999999998816	4.1156648662037885
7.649999999999881	4.115969743472233
7.659999999999881	4.116269465553918
7.669999999999881	4.11656403799341
7.679999999999881	4.1168534663194425
7.6899999999998805	4.117137756044986
7.69999999999988	4.117416912667307
7.70999999999988	4.117690941668034
7.71999999999988	4.1179598485132205
7.72999999999988	4.118223638653411
7.739999999999879	4.118482317523697
7.749999999999879	4.118735890543789
7.759999999999879	4.118984363118071
7.769999999999879	4.119227740635665
7.779999999999879	4.119466028470494
7.789999999999878	4.11969923198134
7.799999999999878	4.119927356511908
7.809999999999878	4.120150407390885
7.819999999999878	4.120368389932001
7.8299999999998775	4.120581309434089
7.839999999999877	4.120789171181141
7.849999999999877	4.120991980442373
7.859999999999877	4.121189742472281
7.869999999999877	4.1213824625107005
7.879999999999876	4.121570145782862
7.889999999999876	4.121752797499454
7.899999999999876	4.121930422856676
7.909999999999876	4.122103027036299
7.919999999999876	4.1222706152057205
7.929999999999875	4.122433192518025
7.939999999999875	4.122590764112036
7.949999999999875	4.122743335112374
7.959999999999875	4.122890910629515
7.9699999999998745	4.123033495759841
7.979999999999874	4.123171095585699
7.989999999999874	4.123303715175456
7.999999999999874	4.123431359583552
8.009999999999874	4.123554033850557
8.019999999999873	4.123671743003224
8.029999999999873	4.12378449205454
8.039999999999873	4.123892286003784
8.049999999999873	4.12399512983658
8.059999999999873	4.124093028524945
8.069999999999872	4.124185987027351
8.079999999999872	4.124274010288769
8.089999999999872	4.124357103240723
8.099999999999872	4.1244352708013485
8.109999999999872	4.124508517875434
8.119999999999871	4.12457684935448
8.129999999999871	4.124640270116751
8.139999999999871	4.124698785027317
8.14999999999987	4.124752398938116
8.15999999999987	4.124801116687998
8.16999999999987	4.124844943102774
8.17999999999987	4.124883882995271
8.18999999999987	4.1249179411653785
8.19999999999987	4.124947122400096
8.20999999999987	4.124971431473587
8.21999999999987	4.124990873147225
8.229999999999869	4.125005452169642
8.239999999999869	4.125015173276778
8.249999999999869	4.125020041191928
8.259999999999868	4.1250200606257925
8.269999999999868	4.125015236276521
8.279999999999868	4.125005572829765
8.289999999999868	4.124991074958718
8.299999999999867	4.124971747324169
8.309999999999867	4.124947594574548
8.319999999999867	4.124918621345969
8.329999999999867	4.124884832262281
8.339999999999867	4.124846231935109
8.349999999999866	4.124802824963905
8.359999999999866	4.12475461593599
8.369999999999866	4.1247016094266
8.379999999999866	4.124643809998933
8.389999999999866	4.124581222204192
8.399999999999865	4.12451385058163
8.409999999999865	4.124441699658596
8.419999999999865	4.124364773950576
8.429999999999865	4.124283077961241
8.439999999999864	4.124196616182489
8.449999999999864	4.124105393094486
8.459999999999864	4.124009413165715
8.469999999999864	4.123908680853014
8.479999999999864	4.123803200601623
8.489999999999863	4.1236929768452235
8.499999999999863	4.123578014005982
8.509999999999863	4.123458316494594
8.519999999999863	4.1233338887103255
8.529999999999863	4.1232047350410514
8.539999999999862	4.1230708598633035
8.549999999999862	4.122932267542306
8.559999999999862	4.122788962432022
8.569999999999862	4.1226409488751905
8.579999999999862	4.122488231203369
8.589999999999861	4.1223308137369745
8.599999999999861	4.122168700785323
8.60999999999986	4.122001896646673
8.61999999999986	4.121830405608261
8.62999999999986	4.1216542319463425
8.63999999999986	4.121473379926235
8.64999999999986	4.1212878538023565
8.65999999999986	4.121097657818261
8.66999999999986	4.120902796206682
8.67999999999986	4.120703273189569
8.68999999999986	4.120499092978129
8.699999999999859	4.120290259772862
8.709999999999859	4.1200767777636
8.719999999999859	4.119858651129549
8.729999999999858	4.119635884039322
8.739999999999858	4.11940848065098
8.749999999999858	4.1191764451120685
8.759999999999858	4.1189397815596545
8.769999999999857	4.118698494120366
8.779999999999857	4.118452586910427
8.789999999999857	4.118202064035697
8.799999999999857	4.117946929591702
8.809999999999857	4.11768718766368
8.819999999999856	4.1174228423266115
8.829999999999856	4.117153897645255
8.839999999999856	4.116880357674187
8.849999999999856	4.116602226457838
8.859999999999856	4.1163195080305215
8.869999999999855	4.11603220641648
8.879999999999855	4.115740325629912
8.889999999999855	4.115443869675011
8.899999999999855	4.115142842546001
8.909999999999854	4.114837248227168
8.919999999999854	4.114527090692901
8.929999999999854	4.11421237390772
8.939999999999854	4.113893101826315
8.949999999999854	4.113569278393579
8.959999999999853	4.113240907544641
8.969999999999853	4.112907993204899
8.979999999999853	4.11257053929006
8.989999999999853	4.112228549706166
8.999999999999853	4.111882028349633
9.009999999999852	4.1115309791072825
9.019999999999852	4.111175405856373
9.029999999999852	4.110815312464635
9.039999999999852	4.110450702790305
9.049999999999851	4.110081580682156
9.059999999999851	4.109707949979531
9.069999999999851	4.109329814512375
9.07999999999985	4.1089471781012685
9.08999999999985	4.108560044557459
9.09999999999985	4.108168417682892
9.10999999999985	4.107772301270245
9.11999999999985	4.107371699102957
9.12999999999985	4.1069666149552635
9.13999999999985	4.106557052592222
9.14999999999985	4.106143015769749
9.15999999999985	4.10572450823465
9.169999999999849	4.105301533724648
9.179999999999849	4.104874095968417
9.189999999999849	4.104442198685611
9.199999999999848	4.1040058455868955
9.209999999999848	4.103565040373978
9.219999999999848	4.103119786739637
9.229999999999848	4.1026700883677565
9.239999999999847	4.10221594893335
9.249999999999847	4.101757372102593
9.259999999999847	4.1012943615328545
9.269999999999847	4.100826920872725
9.279999999999847	4.100355053762046
9.289999999999846	4.0998787638319385
9.299999999999846	4.099398054704836
9.309999999999846	4.098912929994508
9.319999999999846	4.098423393306095
9.329999999999846	4.097929448236131
9.339999999999845	4.097431098372578
9.349999999999845	4.096928347294852
9.359999999999845	4.09642119857385
9.369999999999845	4.095909655771982
9.379999999999844	4.095393722443196
9.389999999999844	4.094873402133008
9.399999999999844	4.094348698378529
9.409999999999844	4.093819614708493
9.419999999999844	4.093286154643285
9.429999999999843	4.092748321694969
9.439999999999843	4.092206119367314
9.449999999999843	4.091659551155824
9.459999999999843	4.091108620547762
9.469999999999843	4.090553331022178
9.479999999999842	4.089993686049941
9.489999999999842	4.089429689093757
9.499999999999842	4.088861343608202
9.509999999999842	4.088288653039748
9.519999999999841	4.087711620826787
9.529999999999841	4.08713025039966
9.539999999999841	4.086544545180683
9.54999999999984	4.08595450858417
9.55999999999984	4.085360144016466
9.56999999999984	4.084761454875964
9.57999999999984	4.084158444553137
9.58999999999984	4.083551116430563
9.59999999999984	4.082939473882949
9.60999999999984	4.082323520277159
9.61999999999984	4.081703258972235
9.62999999999984	4.081078693319426
9.639999999999839	4.080449826662213
9.649999999999839	4.079816662336333
9.659999999999838	4.0791792036698045
9.669999999999838	4.07853745398295
9.679999999999838	4.077891416588425
9.689999999999838	4.077241094791241
9.699999999999838	4.076586491888789
9.709999999999837	4.075927611170863
9.719999999999837	4.0752644559196884
9.729999999999837	4.074597029409941
9.739999999999837	4.073925334908775
9.749999999999837	4.073249375675847
9.759999999999836	4.072569154963338
9.769999999999836	4.071884676015976
9.779999999999836	4.071195942071066
9.789999999999836	4.070502956358506
9.799999999999836	4.0698057221008135
9.809999999999835	4.069104242513151
9.819999999999835	4.068398520803348
9.829999999999835	4.067688560171922
9.839999999999835	4.066974363812104
9.849999999999834	4.066255934909862
9.859999999999834	4.065533276643922
9.869999999999834	4.064806392185792
9.879999999999834	4.0640752846997845
9.889999999999834	4.063339957343039
9.899999999999833	4.062600413265544
9.909999999999833	4.061856655610162
9.919999999999833	4.0611086875126485
9.929999999999833	4.060356512101675
9.939999999999833	4.059600132498854
9.949999999999832	4.058839551818758
9.959999999999832	4.058074773168941
9.969999999999832	4.0573057996499635
9.979999999999832	4.056532634355413
9.989999999999831	4.055755280371925
9.999999999999831	4.054973740779205
10.009999999999831	4.054188018650048
10.01999999999983	4.053398117050365
10.02999999999983	4.0526040390392
10.03999999999983	4.051805787668752
10.04999999999983	4.051003365984399
10.05999999999983	4.0501967770247145
10.06999999999983	4.049386023821492
10.07999999999983	4.048571109399763
10.08999999999983	4.047752036777823
10.09999999999983	4.0469288089672455
10.109999999999829	4.046101428972908
10.119999999999829	4.045269899793011
10.129999999999828	4.044434224419096
10.139999999999828	4.043594405836069
10.149999999999828	4.042750447022221
10.159999999999828	4.041902350949245
10.169999999999828	4.04105012058226
10.179999999999827	4.040193758879828
10.189999999999827	4.039333268793975
10.199999999999827	4.038468653270213
10.209999999999827	4.037599915247556
10.219999999999827	4.036727057658544
10.229999999999826	4.035850083429258
10.239999999999826	4.0349689954793435
10.249999999999826	4.034083796722029
10.259999999999826	4.033194490064143
10.269999999999825	4.032301078406137
10.279999999999825	4.031403564642102
10.289999999999825	4.03050195165979
10.299999999999825	4.029596242340631
10.309999999999825	4.028686439559753
10.319999999999824	4.027772546186001
10.329999999999824	4.026854565081956
10.339999999999824	4.025932499103953
10.349999999999824	4.0250063511021015
10.359999999999824	4.0240761239203025
10.369999999999823	4.023141820396266
10.379999999999823	4.022203443361534
10.389999999999823	4.021260995641494
10.399999999999823	4.0203144800554
10.409999999999823	4.01936389941639
10.419999999999822	4.018409256531504
10.429999999999822	4.017450554201703
10.439999999999822	4.016487795221888
10.449999999999822	4.015520982380915
10.459999999999821	4.014550118461614
10.469999999999821	4.013575206240809
10.479999999999821	4.012596248489333
10.48999999999982	4.011613247972049
10.49999999999982	4.010626207447862
10.50999999999982	4.009635129669743
10.51999999999982	4.008640017384742
10.52999999999982	4.00764087333401
10.53999999999982	4.00663770025281
10.54999999999982	4.00563050087054
10.55999999999982	4.004619277910746
10.569999999999819	4.0036040340911425
10.579999999999819	4.002584772123629
10.589999999999819	4.001561494714304
10.599999999999818	4.000534204563487
10.609999999999818	3.999502904365731
10.619999999999818	3.998467596809841
10.629999999999818	3.997428284578891
10.639999999999818	3.9963849703502405
10.649999999999817	3.9953376567955514
10.659999999999817	3.9942863465808034
10.669999999999817	3.9932310423663124
10.679999999999817	3.9921717468067452
10.689999999999817	3.9911084625511366
10.699999999999816	3.990041192242906
10.709999999999816	3.988969938519874
10.719999999999816	3.9878947040142756
10.729999999999816	3.9868154913527816
10.739999999999815	3.9857323031565097
10.749999999999815	3.9846451420410434
10.759999999999815	3.9835540106164467
10.769999999999815	3.9824589114872806
10.779999999999815	3.981359847252618
10.789999999999814	3.9802568205060616
10.799999999999814	3.9791498338357565
10.809999999999814	3.978038889824408
10.819999999999814	3.976923991049297
10.829999999999814	3.9758051400822945
10.839999999999813	3.974682339489878
10.849999999999813	3.973555591833147
10.859999999999813	3.9724248996678373
10.869999999999813	3.9712902655443365
10.879999999999812	3.9701516920077005
10.889999999999812	3.9690091815976674
10.899999999999812	3.9678627368486734
10.909999999999812	3.9667123602898666
10.919999999999812	3.965558054445123
10.929999999999811	3.964399821833062
10.939999999999811	3.9632376649670595
10.949999999999811	3.9620715863552642
10.95999999999981	3.960901588500612
10.96999999999981	3.9597276739008405
10.97999999999981	3.9585498450485037
10.98999999999981	3.9573681044309867
10.99999999999981	3.9561824545305204
11.00999999999981	3.9549928978241953
11.01999999999981	3.9537994367839766
11.02999999999981	3.9526020738767182
11.039999999999809	3.9514008115641777
11.049999999999809	3.9501956523030297
11.059999999999809	3.9489865985448804
11.069999999999808	3.9477736527362826
11.079999999999808	3.946556817318748
11.089999999999808	3.9453360947287632
11.099999999999808	3.9441114873978025
11.109999999999808	3.9428829977523416
11.119999999999807	3.941650628213873
11.129999999999807	3.9404143811989183
11.139999999999807	3.9391742591190426
11.149999999999807	3.9379302643808685
11.159999999999807	3.9366823993860893
11.169999999999806	3.935430666531483
11.179999999999806	3.934175068208926
11.189999999999806	3.9329156068054054
11.199999999999806	3.9316522847030346
11.209999999999805	3.9303851042790656
11.219999999999805	3.9291140679059016
11.229999999999805	3.9278391779511117
11.239999999999805	3.926560436777444
11.249999999999805	3.925277846742837
11.259999999999804	3.9239914102004363
11.269999999999804	3.9227011294986043
11.279999999999804	3.9214070069809353
11.289999999999804	3.9201090449862677
11.299999999999804	3.9188072458486976
11.309999999999803	3.9175016118975914
11.319999999999803	3.916192145457598
11.329999999999803	3.914878848848663
11.339999999999803	3.9135617243860414
11.349999999999802	3.912240774380309
11.359999999999802	3.910916001137376
11.369999999999802	3.9095874069584995
11.379999999999802	3.9082549941402975
11.389999999999802	3.9069187649747588
11.399999999999801	3.9055787217492575
11.409999999999801	3.9042348667465654
11.419999999999801	3.9028872022448633
11.4299999999998	3.9015357305177543
11.4399999999998	3.9001804538342757
11.4499999999998	3.8988213744589126
11.4599999999998	3.8974584946516075
11.4699999999998	3.896091816667776
11.4799999999998	3.8947213427583147
11.4899999999998	3.893347075169618
11.4999999999998	3.891969016143587
11.509999999999799	3.890587167917642
11.519999999999799	3.8892015327247353
11.529999999999799	3.8878121127933634
11.539999999999798	3.8864189103475772
11.549999999999798	3.8850219276069957
11.559999999999798	3.883621166786817
11.569999999999798	3.88221663009783
11.579999999999798	3.8808083197464263
11.589999999999797	3.879396237934612
11.599999999999797	3.877980386860019
11.609999999999797	3.876560768715918
11.619999999999797	3.875137385691228
11.629999999999797	3.8737102399705283
11.639999999999796	3.8722793337340713
11.649999999999796	3.870844669157793
11.659999999999796	3.8694062484133247
11.669999999999796	3.867964073668004
11.679999999999795	3.8665181470848857
11.689999999999795	3.865068470822755
11.699999999999795	3.8636150470361366
11.709999999999795	3.862157877875307
11.719999999999795	3.860696965486305
11.729999999999794	3.859232312010944
11.739999999999794	3.8577639195868225
11.749999999999794	3.856291790347334
11.759999999999794	3.8548159264216793
11.769999999999794	3.853336329934878
11.779999999999793	3.851853003007778
11.789999999999793	3.850365947757067
11.799999999999793	3.8488751662952834
11.809999999999793	3.847380660730827
11.819999999999792	3.8458824331679704
11.829999999999792	3.8443804857068686
11.839999999999792	3.8428748204435705
11.849999999999792	3.8413654394700294
11.859999999999792	3.8398523448741138
11.869999999999791	3.8383355387396176
11.879999999999791	3.8368150231462708
11.889999999999791	3.83529080016975
11.89999999999979	3.833762871881689
11.90999999999979	3.83223124034969
11.91999999999979	3.830695907637332
11.92999999999979	3.8291568758041823
11.93999999999979	3.8276141469058085
11.94999999999979	3.8260677229937854
11.95999999999979	3.8245176061157085
11.96999999999979	3.8229637983152016
11.979999999999789	3.821406301631929
11.989999999999789	3.8198451181016044
11.999999999999789	3.818280249756002
12.009999999999788	3.816711698622966
12.019999999999788	3.8151394667264196
12.029999999999788	3.8135635560863776
12.039999999999788	3.811983968718954
12.049999999999788	3.8104007066363734
12.059999999999787	3.80881377184698
12.069999999999787	3.807223166355248
12.079999999999787	3.805628892161791
12.089999999999787	3.8040309512633734
12.099999999999786	3.802429345652917
12.109999999999786	3.800824077319514
12.119999999999786	3.799215148248434
12.129999999999786	3.797602560421137
12.139999999999786	3.7959863158152793
12.149999999999785	3.794366416404726
12.159999999999785	3.7927428641595586
12.169999999999785	3.7911156610460863
12.179999999999785	3.789484809026854
12.189999999999785	3.7878503100606524
12.199999999999784	3.7862121661025276
12.209999999999784	3.7845703791037906
12.219999999999784	3.7829249510120264
12.229999999999784	3.781275883771103
12.239999999999783	3.779623179321181
12.249999999999783	3.777966839598724
12.259999999999783	3.776306866536506
12.269999999999783	3.774643262063622
12.279999999999783	3.7729760281054965
12.289999999999782	3.7713051665838924
12.299999999999782	3.7696306794169216
12.309999999999782	3.767952568519052
12.319999999999782	3.7662708358011185
12.329999999999782	3.764585483170331
12.339999999999781	3.7628965125302836
12.349999999999781	3.7612039257809635
12.359999999999781	3.75950772481876
12.36999999999978	3.7578079115364735
12.37999999999978	3.756104487823325
12.38999999999978	3.754397455564963
12.39999999999978	3.752686816643475
12.40999999999978	3.750972572937394
12.41999999999978	3.749254726321709
12.42999999999978	3.7475332786678726
12.43999999999978	3.7458082318438097
12.449999999999779	3.744079587713927
12.459999999999779	3.742347348139121
12.469999999999779	3.740611514976788
12.479999999999778	3.738872090080829
12.489999999999778	3.737129075301664
12.499999999999778	3.7353824724862346
12.509999999999778	3.733632283478017
12.519999999999778	3.731878510117028
12.529999999999777	3.7301211542398343
12.539999999999777	3.728360217679561
12.549999999999777	3.7265957022658993
12.559999999999777	3.7248276098251165
12.569999999999776	3.7230559421800624
12.579999999999776	3.7212807011501785
12.589999999999776	3.7195018885515063
12.599999999999776	3.717719506196696
12.609999999999776	3.7159335558950133
12.619999999999775	3.7141440394523495
12.629999999999775	3.7123509586712284
12.639999999999775	3.710554315350815
12.649999999999775	3.7087541112869227
12.659999999999775	3.7069503482720227
12.669999999999774	3.705143028095252
12.679999999999774	3.7033321525424197
12.689999999999774	3.7015177233960173
12.699999999999774	3.699699742435225
12.709999999999773	3.697878211435921
12.719999999999773	3.6960531321706878
12.729999999999773	3.6942245064088217
12.739999999999773	3.6923923359163404
12.749999999999773	3.69055662245599
12.759999999999772	3.688717367787253
12.769999999999772	3.6868745736663575
12.779999999999772	3.6850282418462834
12.789999999999772	3.683178374076771
12.799999999999772	3.681324972104328
12.809999999999771	3.679468037672238
12.819999999999771	3.6776075725205684
12.829999999999771	3.6757435783861765
12.83999999999977	3.6738760570027185
12.84999999999977	3.672005010100657
12.85999999999977	3.670130439407269
12.86999999999977	3.6682523466466517
12.87999999999977	3.6663707335397313
12.88999999999977	3.6644856018042713
12.89999999999977	3.6625969531548783
12.90999999999977	3.660704789303011
12.919999999999769	3.6588091119569857
12.929999999999769	3.656909922821986
12.939999999999769	3.6550072236000686
12.949999999999768	3.6531010159901713
12.959999999999768	3.65119130168812
12.969999999999768	3.6492780823866373
12.979999999999768	3.647361359775347
12.989999999999768	3.6454411355407843
12.999999999999767	3.643517411366402
13.009999999999767	3.641590188932577
13.019999999999767	3.6396594699166185
13.029999999999767	3.637725255992774
13.039999999999766	3.635787548832239
13.049999999999766	3.6338463501031604
13.059999999999766	3.631901661470647
13.069999999999766	3.6299534845967756
13.079999999999766	3.6280018211405958
13.089999999999765	3.6260466727581404
13.099999999999765	3.6240880411024303
13.109999999999765	3.6221259278234825
13.119999999999765	3.620160334568317
13.129999999999765	3.6181912629809627
13.139999999999764	3.6162187147024665
13.149999999999764	3.6142426913708974
13.159999999999764	3.6122631946213555
13.169999999999764	3.610280226085978
13.179999999999763	3.6082937873939467
13.189999999999763	3.606303880171494
13.199999999999763	3.60431050604191
13.209999999999763	3.6023136666255504
13.219999999999763	3.6003133635398408
13.229999999999762	3.598309598399286
13.239999999999762	3.5963023728154755
13.249999999999762	3.5942916883970892
13.259999999999762	3.592277546749907
13.269999999999762	3.590259949476812
13.279999999999761	3.5882388981777997
13.289999999999761	3.586214394449984
13.299999999999761	3.5841864398876027
13.30999999999976	3.582155036082025
13.31999999999976	3.5801201846217587
13.32999999999976	3.5780818870924556
13.33999999999976	3.576040145076918
13.34999999999976	3.5739949601551055
13.35999999999976	3.5719463339041426
13.36999999999976	3.569894267898323
13.37999999999976	3.567838763709118
13.389999999999759	3.565779822905181
13.399999999999759	3.563717447052356
13.409999999999759	3.561651637713683
13.419999999999758	3.5595823964494033
13.429999999999758	3.557509724816968
13.439999999999758	3.5554336243710414
13.449999999999758	3.553354096663511
13.459999999999757	3.551271143243491
13.469999999999757	3.549184765657329
13.479999999999757	3.547094965448613
13.489999999999757	3.545001744158177
13.499999999999757	3.5429051033241077
13.509999999999756	3.5408050444817505
13.519999999999756	3.538701569163715
13.529999999999756	3.536594678899882
13.539999999999756	3.5344843752174095
13.549999999999756	3.5323706596407383
13.559999999999755	3.530253533691599
13.569999999999755	3.5281329988890167
13.579999999999755	3.5260090567493183
13.589999999999755	3.523881708786138
13.599999999999755	3.5217509565104232
13.609999999999754	3.5196168014304408
13.619999999999754	3.517479245051783
13.629999999999754	3.515338288877374
13.639999999999754	3.5131939344074734
13.649999999999753	3.511046183139686
13.659999999999753	3.5088950365689646
13.669999999999753	3.506740496187617
13.679999999999753	3.504582563485312
13.689999999999753	3.5024212399490846
13.699999999999752	3.500256527063343
13.709999999999752	3.4980884263098733
13.719999999999752	3.495916939167846
13.729999999999752	3.493742067113821
13.739999999999752	3.4915638116217536
13.749999999999751	3.4893821741630013
13.759999999999751	3.487197156206329
13.76999999999975	3.4850087592179126
13.77999999999975	3.482816984661348
13.78999999999975	3.4806218339976556
13.79999999999975	3.478423308685284
13.80999999999975	3.4762214101801185
13.81999999999975	3.474016139935485
13.82999999999975	3.471807499402157
13.83999999999975	3.4695954900283588
13.84999999999975	3.4673801132597735
13.859999999999749	3.4651613705395476
13.869999999999749	3.4629392633082965
13.879999999999749	3.4607137930041096
13.889999999999748	3.458484961062557
13.899999999999748	3.456252768916694
13.909999999999748	3.4540172179970665
13.919999999999748	3.451778309731717
13.929999999999747	3.44953604554619
13.939999999999747	3.447290426863537
13.949999999999747	3.4450414551043225
13.959999999999747	3.4427891316866286
13.969999999999747	3.4405334580260614
13.979999999999746	3.4382744355357553
13.989999999999746	3.4360120656263793
13.999999999999746	3.4337463497061416
14.009999999999746	3.431477289180795
14.019999999999746	3.4292048854536428
14.029999999999745	3.426929139925543
14.039999999999745	3.424650053994915
14.049999999999745	3.4223676290577436
14.059999999999745	3.4200818665075845
14.069999999999744	3.4177927677355706
14.079999999999744	3.415500334130415
14.089999999999744	3.413204567078419
14.099999999999744	3.4109054679634743
14.109999999999744	3.408603038167071
14.119999999999743	3.4062972790683004
14.129999999999743	3.4039881920438613
14.139999999999743	3.4016757784680656
14.149999999999743	3.3993600397128416
14.159999999999743	3.397040977147741
14.169999999999742	3.394718592139943
14.179999999999742	3.3923928860542594
14.189999999999742	3.3900638602531394
14.199999999999742	3.3877315160966757
14.209999999999742	3.3853958549426086
14.219999999999741	3.3830568781463306
14.229999999999741	3.3807145870608926
14.23999999999974	3.378368983037008
14.24999999999974	3.376020067423057
14.25999999999974	3.373667841565094
14.26999999999974	3.37131230680685
14.27999999999974	3.368953464489738
14.28999999999974	3.3665913159528595
14.29999999999974	3.3642258625330075
14.30999999999974	3.3618571055646718
14.31999999999974	3.359485046380044
14.329999999999739	3.3571096863090233
14.339999999999739	3.35473102667922
14.349999999999739	3.35234906881596
14.359999999999738	3.3499638140422916
14.369999999999738	3.3475752636789884
14.379999999999738	3.3451834190445546
14.389999999999738	3.3427882814552303
14.399999999999737	3.340389852224995
14.409999999999737	3.3379881326655743
14.419999999999737	3.335583124086442
14.429999999999737	3.333174827794828
14.439999999999737	3.330763245095719
14.449999999999736	3.3283483772918667
14.459999999999736	3.3259302256837913
14.469999999999736	3.3235087915697856
14.479999999999736	3.3210840762459197
14.489999999999736	3.318656081006046
14.499999999999735	3.3162248071418046
14.509999999999735	3.3137902559426258
14.519999999999735	3.311352428695736
14.529999999999735	3.3089113266861636
14.539999999999734	3.30646695119674
14.549999999999734	3.304019303508108
14.559999999999734	3.3015683848987227
14.569999999999734	3.29911419664486
14.579999999999734	3.2966567400206173
14.589999999999733	3.2941960162979207
14.599999999999733	3.2917320267465278
14.609999999999733	3.289264772634033
14.619999999999733	3.2867942552258715
14.629999999999733	3.2843204757853246
14.639999999999732	3.2818434355735224
14.649999999999732	3.2793631358494504
14.659999999999732	3.276879577869952
14.669999999999732	3.2743927628897342
14.679999999999731	3.271902692161371
14.689999999999731	3.2694093669353093
14.699999999999731	3.26691278845987
14.70999999999973	3.264412957981256
14.71999999999973	3.2619098767435557
14.72999999999973	3.259403545988745
14.73999999999973	3.256893966956694
14.74999999999973	3.2543811408851706
14.75999999999973	3.2518650690098445
14.76999999999973	3.2493457525642913
14.77999999999973	3.2468231927799978
14.78999999999973	3.244297390886365
14.799999999999729	3.241768348110713
14.809999999999729	3.2392360656782855
14.819999999999729	3.2367005448122526
14.829999999999728	3.2341617867337167
14.839999999999728	3.2316197926617156
14.849999999999728	3.2290745638132274
14.859999999999728	3.2265261014031736
14.869999999999727	3.223974406644425
14.879999999999727	3.2214194807478034
14.889999999999727	3.218861324922088
14.899999999999727	3.216299940374018
14.909999999999727	3.2137353283082977
14.919999999999726	3.2111674899276004
14.929999999999726	3.208596426432571
14.939999999999726	3.2060221390218326
14.949999999999726	3.203444628891989
14.959999999999726	3.200863897237628
14.969999999999725	3.198279945251328
14.979999999999725	3.195692774123659
14.989999999999725	3.1931023850431886
14.999999999999725	3.1905087791964855
15.009999999999724	3.187911957768123
15.019999999999724	3.1853119219406842
15.029999999999724	3.1827086728947642
15.039999999999724	3.180102211808976
15.049999999999724	3.1774925398599523
15.059999999999723	3.1748796582223515
15.069999999999723	3.1722635680688605
15.079999999999723	3.169644270570198
15.089999999999723	3.167021766895121
15.099999999999723	3.1643960582104245
15.109999999999722	3.1617671456809497
15.119999999999722	3.159135030469585
15.129999999999722	3.1564997137372712
15.139999999999722	3.1538611966430046
15.149999999999721	3.1512194803438414
15.159999999999721	3.1485745659949007
15.169999999999721	3.14592645474937
15.17999999999972	3.143275147758507
15.18999999999972	3.140620646171644
15.19999999999972	3.137962951136193
15.20999999999972	3.135302063797648
15.21999999999972	3.1326379852995885
15.22999999999972	3.1299707167836854
15.23999999999972	3.127300259389702
15.24999999999972	3.1246266142554995
15.25999999999972	3.12194978251704
15.269999999999719	3.1192697653083905
15.279999999999719	3.1165865637617274
15.289999999999718	3.113900179007338
15.299999999999718	3.1112106121736263
15.309999999999718	3.1085178643871156
15.319999999999718	3.1058219367724527
15.329999999999718	3.1031228304524108
15.339999999999717	3.1004205465478942
15.349999999999717	3.097715086177941
15.359999999999717	3.095006450459727
15.369999999999717	3.0922946405085696
15.379999999999717	3.0895796574379313
15.389999999999716	3.086861502359423
15.399999999999716	3.084140176382807
15.409999999999716	3.0814156806160033
15.419999999999716	3.0786880161650894
15.429999999999715	3.075957184134306
15.439999999999715	3.0732231856260603
15.449999999999715	3.0704860217409298
15.459999999999715	3.0677456935776646
15.469999999999715	3.0650022022331926
15.479999999999714	3.0622555488026215
15.489999999999714	3.059505734379244
15.499999999999714	3.0567527600545383
15.509999999999714	3.0539966269181753
15.519999999999714	3.0512373360580196
15.529999999999713	3.0484748885601336
15.539999999999713	3.0457092855087806
15.549999999999713	3.0429405279864294
15.559999999999713	3.0401686170737565
15.569999999999713	3.03739355384965
15.579999999999712	3.0346153393912125
15.589999999999712	3.031833974773766
15.599999999999712	3.0290494610708536
15.609999999999712	3.0262617993542436
15.619999999999711	3.0234709906939328
15.629999999999711	3.02067703615815
15.639999999999711	3.0178799368133586
15.64999999999971	3.015079693724262
15.65999999999971	3.012276307953804
15.66999999999971	3.009469780563175
15.67999999999971	3.006660112611813
15.68999999999971	3.0038473051574077
15.69999999999971	3.0010313592559053
15.70999999999971	2.998212275961509
15.71999999999971	2.9953900563266846
15.729999999999709	2.9925647014021632
15.739999999999709	2.9897362122369433
15.749999999999709	2.9869045898782955
15.759999999999708	2.9840698353717654
15.769999999999708	2.981231949761176
15.779999999999708	2.9783909340886328
15.789999999999708	2.9755467893945244
15.799999999999708	2.9726995167175283
15.809999999999707	2.969849117094612
15.819999999999707	2.966995591561038
15.829999999999707	2.964138941150366
15.839999999999707	2.9612791668944545
15.849999999999707	2.9584162698234686
15.859999999999706	2.9555502509658784
15.869999999999706	2.9526811113484643
15.879999999999706	2.94980885199632
15.889999999999706	2.9469334739328557
15.899999999999705	2.9440549781798007
15.909999999999705	2.941173365757207
15.919999999999705	2.9382886376834523
15.929999999999705	2.935400794975243
15.939999999999705	2.9325098386476176
15.949999999999704	2.9296157697139495
15.959999999999704	2.92671858918595
15.969999999999704	2.9238182980736718
15.979999999999704	2.9209148973855115
15.989999999999704	2.918008388128213
15.999999999999703	2.915098771306871
16.009999999999703	2.9121860479249326
16.019999999999705	2.9092702189842026
16.029999999999706	2.9063512854848446
16.039999999999708	2.903429248425384
16.04999999999971	2.9005041088027124
16.05999999999971	2.89757586761209
16.069999999999713	2.894644525847148
16.079999999999714	2.891710084499892
16.089999999999716	2.8887725445607058
16.099999999999717	2.8858319070183525
16.10999999999972	2.882888172859979
16.11999999999972	2.879941343071119
16.129999999999722	2.8769914186356953
16.139999999999723	2.874038400536022
16.149999999999725	2.87108228975281
16.159999999999727	2.868123087265167
16.169999999999728	2.8651607940506016
16.17999999999973	2.862195411085027
16.18999999999973	2.8592269393427636
16.199999999999733	2.85625537979654
16.209999999999734	2.8532807334174985
16.219999999999736	2.850303001175197
16.229999999999738	2.8473221840376115
16.23999999999974	2.8443382829711386
16.24999999999974	2.8413512989406
16.259999999999742	2.838361232909244
16.269999999999744	2.835368085838748
16.279999999999745	2.832371858689223
16.289999999999747	2.829372552419215
16.29999999999975	2.8263701679857087
16.30999999999975	2.823364706344129
16.31999999999975	2.8203561684483454
16.329999999999753	2.8173445552506737
16.339999999999755	2.81432986770188
16.349999999999756	2.8113121067511817
16.359999999999758	2.8082912733462515
16.36999999999976	2.8052673684332206
16.37999999999976	2.80224039295668
16.389999999999763	2.799210347859684
16.399999999999764	2.7961772340837543
16.409999999999766	2.79314105256888
16.419999999999767	2.790101804253522
16.42999999999977	2.787059490074616
16.43999999999977	2.7840141109675756
16.449999999999772	2.780965667866292
16.459999999999773	2.777914161703141
16.469999999999775	2.7748595934089826
16.479999999999777	2.7718019639131644
16.489999999999778	2.7687412741435247
16.49999999999978	2.765677525026396
16.50999999999978	2.7626107174866052
16.519999999999783	2.759540852447479
16.529999999999784	2.7564679308308455
16.539999999999786	2.7533919535570353
16.549999999999788	2.750312921544887
16.55999999999979	2.747230835711748
16.56999999999979	2.7441456969734768
16.579999999999792	2.7410575062444473
16.589999999999794	2.7379662644375506
16.599999999999795	2.7348719724641968
16.609999999999797	2.7317746312343183
16.6199999999998	2.728674241656373
16.6299999999998	2.7255708046373464
16.6399999999998	2.7224643210827533
16.649999999999803	2.7193547918966416
16.659999999999805	2.716242217981595
16.669999999999806	2.713126600238734
16.679999999999808	2.710007939567721
16.68999999999981	2.70688623686676
16.69999999999981	2.7037614930326006
16.709999999999813	2.700633708960541
16.719999999999814	2.6975028855444294
16.729999999999816	2.694369023676668
16.739999999999817	2.6912321242482147
16.74999999999982	2.6880921881485844
16.75999999999982	2.6849492162658533
16.769999999999822	2.681803209486661
16.779999999999824	2.6786541686962124
16.789999999999825	2.675502094778281
16.799999999999827	2.672346988615211
16.809999999999828	2.6691888510879194
16.81999999999983	2.6660276830758987
16.82999999999983	2.6628634854572195
16.839999999999833	2.6596962591085336
16.849999999999834	2.6565260049050754
16.859999999999836	2.6533527237206647
16.869999999999838	2.6501764164277093
16.87999999999984	2.6469970838972077
16.88999999999984	2.6438147269987504
16.899999999999842	2.6406293466005235
16.909999999999844	2.637440943569311
16.919999999999845	2.634249518770497
16.929999999999847	2.631055073068067
16.93999999999985	2.627857607324613
16.94999999999985	2.6246571224013326
16.95999999999985	2.6214536191580344
16.969999999999853	2.6182470984531383
16.979999999999855	2.6150375611436787
16.989999999999856	2.6118250080853067
16.999999999999858	2.608609440132293
17.00999999999986	2.605390858137529
17.01999999999986	2.602169262952531
17.029999999999863	2.5989446554274407
17.039999999999864	2.595717036411029
17.049999999999866	2.5924864067506967
17.059999999999867	2.589252767292479
17.06999999999987	2.5860161188810458
17.07999999999987	2.5827764623597056
17.089999999999872	2.5795337985704063
17.099999999999874	2.576288128353739
17.109999999999875	2.5730394525489393
17.119999999999877	2.56978777199389
17.129999999999878	2.566533087525123
17.13999999999988	2.563275399977822
17.14999999999988	2.560014710185825
17.159999999999883	2.556751018981626
17.169999999999884	2.553484327196377
17.179999999999886	2.5502146356598923
17.189999999999888	2.5469419452006474
17.19999999999989	2.543666256645784
17.20999999999989	2.540387570821112
17.219999999999892	2.53710588855111
17.229999999999894	2.5338212106589286
17.239999999999895	2.5305335379663934
17.249999999999897	2.5272428712940056
17.2599999999999	2.523949211460946
17.2699999999999	2.520652559285076
17.2799999999999	2.51735291558294
17.289999999999903	2.5140502811697676
17.299999999999905	2.5107446568594765
17.309999999999906	2.507436043464673
17.319999999999908	2.5041244417966566
17.32999999999991	2.5008098526654203
17.33999999999991	2.4974922768796533
17.349999999999913	2.4941717152467433
17.359999999999914	2.490848168572779
17.369999999999916	2.4875216376625513
17.379999999999917	2.4841921233195565
17.38999999999992	2.4808596263459974
17.39999999999992	2.4775241475427867
17.409999999999922	2.4741856877095483
17.419999999999924	2.4708442476446195
17.429999999999925	2.467499828145053
17.439999999999927	2.46415243000662
17.44999999999993	2.4608020540238105
17.45999999999993	2.4574487009898376
17.46999999999993	2.4540923716966376
17.479999999999933	2.450733066934874
17.489999999999934	2.447370787493938
17.499999999999936	2.444005534161951
17.509999999999938	2.4406373077257677
17.51999999999994	2.437266108970977
17.52999999999994	2.433891938681904
17.539999999999942	2.430514797641613
17.549999999999944	2.427134686631909
17.559999999999945	2.42375160643334
17.569999999999947	2.4203655578251997
17.57999999999995	2.4169765415855275
17.58999999999995	2.4135845584911126
17.59999999999995	2.410189609317495
17.609999999999953	2.406791694838968
17.619999999999955	2.4033908158285797
17.629999999999956	2.3999869730581365
17.639999999999958	2.396580167298203
17.64999999999996	2.3931703993181053
17.65999999999996	2.389757669885933
17.669999999999963	2.386341979768541
17.679999999999964	2.382923329731551
17.689999999999966	2.3795017205393547
17.699999999999967	2.376077152955115
17.70999999999997	2.372649627740767
17.71999999999997	2.3692191456570226
17.729999999999972	2.3657857074633704
17.739999999999974	2.3623493139180782
17.749999999999975	2.358909965778195
17.759999999999977	2.3554676637995526
17.76999999999998	2.3520224087367687
17.77999999999998	2.348574201343248
17.78999999999998	2.3451230423711835
17.799999999999983	2.3416689325715603
17.809999999999985	2.3382118726941554
17.819999999999986	2.3347518634875417
17.829999999999988	2.3312889056990884
17.83999999999999	2.3278230000749636
17.84999999999999	2.3243541473601357
17.859999999999992	2.3208823482983765
17.869999999999994	2.317407603632262
17.879999999999995	2.313929914103175
17.889999999999997	2.3104492804513055
17.9	2.3069657034156554
17.91	2.3034791837340376
17.92	2.2999897221430796
17.930000000000003	2.296497319378225
17.940000000000005	2.293001976173735
17.950000000000006	2.28950369326269
17.960000000000008	2.2860024713769933
17.97000000000001	2.282498311247371
17.98000000000001	2.278991213603374
17.990000000000013	2.2754811791733816
18.000000000000014	2.271968208684601
18.010000000000016	2.2684523028630714
18.020000000000017	2.2649334624336643
18.03000000000002	2.261411688120086
18.04000000000002	2.257886980644879
18.050000000000022	2.2543593407294247
18.060000000000024	2.250828769093944
18.070000000000025	2.2472952664575003
18.080000000000027	2.243758833538001
18.09000000000003	2.2402194710521983
18.10000000000003	2.236677179715693
18.11000000000003	2.233131960242934
18.120000000000033	2.229583813347222
18.130000000000035	2.2260327397407105
18.140000000000036	2.2224787401344077
18.150000000000038	2.2189218152381787
18.16000000000004	2.215361965760746
18.17000000000004	2.2117991924096936
18.180000000000042	2.2082334958914656
18.190000000000044	2.204664876911371
18.200000000000045	2.2010933361735834
18.210000000000047	2.1975188743811445
18.22000000000005	2.193941492235964
18.23000000000005	2.1903611904388236
18.24000000000005	2.186777969689376
18.250000000000053	2.1831918306861495
18.260000000000055	2.1796027741265473
18.270000000000056	2.176010800706851
18.280000000000058	2.172415911122221
18.29000000000006	2.1688181060667007
18.30000000000006	2.1652173862332145
18.310000000000063	2.1616137523135723
18.320000000000064	2.15800720499847
18.330000000000066	2.154397744977493
18.340000000000067	2.1507853729391146
18.35000000000007	2.147170089570701
18.36000000000007	2.1435518955585118
18.370000000000072	2.139930791587701
18.380000000000074	2.136306778342319
18.390000000000075	2.1326798565053156
18.400000000000077	2.12905002675854
18.41000000000008	2.1254172897827437
18.42000000000008	2.121781646257581
18.43000000000008	2.1181430968616124
18.440000000000083	2.1145016422723044
18.450000000000085	2.1108572831660326
18.460000000000086	2.107210020218082
18.470000000000088	2.1035598541026506
18.48000000000009	2.0999067854928484
18.49000000000009	2.0962508150607024
18.500000000000092	2.092591943477155
18.510000000000094	2.0889301714120685
18.520000000000095	2.085265499534224
18.530000000000097	2.081597928511325
18.5400000000001	2.0779274590099988
18.5500000000001	2.0742540916957974
18.5600000000001	2.0705778272331994
18.570000000000103	2.066898666285612
18.580000000000105	2.0632166095153726
18.590000000000106	2.05953165758375
18.600000000000108	2.055843811150946
18.61000000000011	2.052153070876097
18.62000000000011	2.0484594374172773
18.630000000000113	2.044762911431498
18.640000000000114	2.04106349357471
18.650000000000116	2.0373611845018056
18.660000000000117	2.0336559848666202
18.67000000000012	2.029947895321934
18.68000000000012	2.0262369165194722
18.690000000000122	2.0225230491099087
18.700000000000124	2.018806293742866
18.710000000000125	2.015086651066918
18.720000000000127	2.01136412172959
18.73000000000013	2.0076387063773624
18.74000000000013	2.0039104056556707
18.75000000000013	2.0001792202089073
18.760000000000133	1.9964451506804237
18.770000000000135	1.9927081977125314
18.780000000000136	1.9889683619465035
18.790000000000138	1.9852256440225766
18.80000000000014	1.9814800445799525
18.81000000000014	1.977731564256799
18.820000000000142	1.973980203690252
18.830000000000144	1.9702259635164172
18.840000000000146	1.9664688443703708
18.850000000000147	1.962708846886162
18.86000000000015	1.958945971696814
18.87000000000015	1.955180219434326
18.88000000000015	1.9514115907296734
18.890000000000153	1.9476400862128114
18.900000000000155	1.9438657065126745
18.910000000000156	1.9400884522571795
18.920000000000158	1.9363083240732262
18.93000000000016	1.932525322586699
18.94000000000016	1.9287394484224685
18.950000000000163	1.9249507022043932
18.960000000000164	1.921159084555321
18.970000000000166	1.91736459609709
18.980000000000167	1.9135672374505306
18.99000000000017	1.909767009235467
19.00000000000017	1.9059639120707188
19.010000000000172	1.9021579465741019
19.020000000000174	1.8983491133624302
19.030000000000175	1.8945374130515173
19.040000000000177	1.890722846256178
19.05000000000018	1.8869054135902295
19.06000000000018	1.8830851156664927
19.07000000000018	1.8792619530967944
19.080000000000183	1.875435926491968
19.090000000000185	1.8716070364618553
19.100000000000186	1.8677752836153079
19.110000000000188	1.8639406685601885
19.12000000000019	1.8601031919033726
19.13000000000019	1.8562628542507495
19.140000000000192	1.8524196562072246
19.150000000000194	1.84857359837672
19.160000000000196	1.8447246813621758
19.170000000000197	1.8408729057655526
19.1800000000002	1.837018272187832
19.1900000000002	1.833160781229018
19.200000000000202	1.829300433488139
19.210000000000203	1.8254372295632488
19.220000000000205	1.821571170051428
19.230000000000206	1.8177022555487858
19.240000000000208	1.8138304866504609
19.25000000000021	1.809955863950623
19.26000000000021	1.8060783880424747
19.270000000000213	1.8021980595182523
19.280000000000214	1.7983148789692274
19.290000000000216	1.7944288469857081
19.300000000000217	1.790539964157041
19.31000000000022	1.7866482310716119
19.32000000000022	1.7827536483168474
19.330000000000222	1.7788562164792163
19.340000000000224	1.7749559361442313
19.350000000000225	1.7710528078964498
19.360000000000227	1.7671468323194757
19.37000000000023	1.7632380099959604
19.38000000000023	1.7593263415076044
19.39000000000023	1.7554118274351587
19.400000000000233	1.7514944683584261
19.410000000000235	1.7475742648562624
19.420000000000236	1.743651217506578
19.430000000000238	1.7397253268863386
19.44000000000024	1.735796593571568
19.45000000000024	1.7318650181373478
19.460000000000242	1.7279306011578197
19.470000000000244	1.7239933432061865
19.480000000000246	1.7200532448547134
19.490000000000247	1.7161103066747299
19.50000000000025	1.7121645292366299
19.51000000000025	1.7082159131098744
19.520000000000252	1.704264458862992
19.530000000000253	1.7003101670635805
19.540000000000255	1.6963530382783079
19.550000000000257	1.6923930730729142
19.560000000000258	1.6884302720122124
19.57000000000026	1.6844646356600896
19.58000000000026	1.6804961645795091
19.590000000000263	1.6765248593325108
19.600000000000264	1.6725507204802128
19.610000000000266	1.668573748582813
19.620000000000267	1.66459394419959
19.63000000000027	1.6606113078889047
19.64000000000027	1.656625840208201
19.650000000000272	1.6526375417140082
19.660000000000274	1.6486464129619411
19.670000000000275	1.6446524545067018
19.680000000000277	1.6406556669020809
19.69000000000028	1.636656050700959
19.70000000000028	1.6326536064553079
19.71000000000028	1.6286483347161913
19.720000000000283	1.6246402360337668
19.730000000000285	1.6206293109572871
19.740000000000286	1.6166155600351007
19.750000000000288	1.6125989838146535
19.76000000000029	1.60857958284249
19.77000000000029	1.6045573576642551
19.780000000000292	1.600532308824694
19.790000000000294	1.5965044368676553
19.800000000000296	1.5924737423360902
19.810000000000297	1.5884402257720553
19.8200000000003	1.5844038877167137
19.8300000000003	1.5803647287103348
19.840000000000302	1.5763227492922978
19.850000000000303	1.5722779500010906
19.860000000000305	1.5682303313743127
19.870000000000307	1.5641798939486757
19.880000000000308	1.560126638260005
19.89000000000031	1.5560705648432402
19.90000000000031	1.5520116742324372
19.910000000000313	1.5479499669607688
19.920000000000314	1.543885443560526
19.930000000000316	1.5398181045631196
19.940000000000317	1.5357479504990812
19.95000000000032	1.5316749818980642
19.96000000000032	1.5275991992888451
19.970000000000322	1.523520603199325
19.980000000000324	1.51943919415653
19.990000000000325	1.5153549726866133
20.000000000000327	1.5112679393148565
