1.01	1.020200502493781
1.02	1.0408090350618193
1.03	1.0618337177033867
1.04	1.0832827504177693
1.05	1.105164413204267
1.06	1.127487066062193
1.07	1.1502591489908733
1.08	1.173489181989647
1.09	1.1971857650578648
1.1	1.2213575781948898
1.11	1.2460133814000962
1.12	1.2711620146728702
1.1300000000000001	1.296812398012608
1.1400000000000001	1.3229735314187174
1.1500000000000001	1.3496544948906162
1.1600000000000001	1.376864448427732
1.1700000000000002	1.4046126320295027
1.1800000000000002	1.4329083656953758
1.1900000000000002	1.4617610494248081
1.2000000000000002	1.4911801632172654
1.2100000000000002	1.5211752670722225
1.2200000000000002	1.5517560009891629
1.2300000000000002	1.5829320849675785
1.2400000000000002	1.6147133190069696
1.2500000000000002	1.6471095831068445
1.2600000000000002	1.6801308372667192
1.2700000000000002	1.7137871214861176
1.2800000000000002	1.748088555764571
1.2900000000000003	1.7830453401016177
1.3000000000000003	1.818667754496804
1.3100000000000003	1.8549661589496824
1.3200000000000003	1.8919509934598127
1.3300000000000003	1.929632778026761
1.3400000000000003	1.9680221126501
1.3500000000000003	2.0071296773294094
1.3600000000000003	2.046966232064274
1.3700000000000003	2.0875426168542854
1.3800000000000003	2.128869751699041
1.3900000000000003	2.1709586365981446
1.4000000000000004	2.2138203515512047
1.4100000000000004	2.257466056557836
1.4200000000000004	2.3019069916176593
1.4300000000000004	2.347154476730299
1.4400000000000004	2.393219911895386
1.4500000000000004	2.4401147771125564
1.4600000000000004	2.487850632381451
1.4700000000000004	2.5364391177017156
1.4800000000000004	2.5858919530730002
1.4900000000000004	2.6362209384949606
1.5000000000000004	2.6874379539672564
1.5100000000000005	2.739554959489552
1.5200000000000005	2.7925839950615163
1.5300000000000005	2.8465371806828226
1.5400000000000005	2.9014267163531486
1.5500000000000005	2.9572648820721756
1.5600000000000005	3.0140640378395895
1.5700000000000005	3.0718366236550807
1.5800000000000005	3.130595159518342
1.5900000000000005	3.190352245429072
1.6000000000000005	3.251120561386972
1.6100000000000005	3.3129128673917463
1.6200000000000006	3.3757420034431047
1.6300000000000006	3.4396208895407594
1.6400000000000006	3.504562525684426
1.6500000000000006	3.5705799918738244
1.6600000000000006	3.6376864481086773
1.6700000000000006	3.7058951343887108
1.6800000000000006	3.7752193707136543
1.6900000000000006	3.845672557083241
1.7000000000000006	3.917268173497206
1.7100000000000006	3.9900197799552886
1.7200000000000006	4.063941016457231
1.7300000000000006	4.139045603002778
1.7400000000000007	4.215347339591677
1.7500000000000007	4.29286010622368
1.7600000000000007	4.37159786289854
1.7700000000000007	4.451574649616013
1.7800000000000007	4.5328045863758595
1.7900000000000007	4.615301873177841
1.8000000000000007	4.699080790021721
1.8100000000000007	4.784155696907268
1.8200000000000007	4.870541033834251
1.8300000000000007	4.958251320802443
1.8400000000000007	5.047301157811619
1.8500000000000008	5.137705224861556
1.8600000000000008	5.229478281952033
1.8700000000000008	5.322635169082832
1.8800000000000008	5.417190806253739
1.8900000000000008	5.513160193464539
1.9000000000000008	5.610558410715021
1.9100000000000008	5.7094006180049774
1.9200000000000008	5.809702055334201
1.9300000000000008	5.911478042702487
1.9400000000000008	6.014743980109633
1.9500000000000008	6.1195153475554385
1.9600000000000009	6.225807705039705
1.9700000000000009	6.333636692562237
1.9800000000000009	6.443018030122841
1.9900000000000009	6.553967517721323
2.000000000000001	6.666501035357493
2.0100000000000007	6.780634543031163
2.0200000000000005	6.896384080742147
2.0300000000000002	7.013765768490259
2.04	7.132795806275317
2.05	7.25349047409714
2.0599999999999996	7.375866131955548
2.0699999999999994	7.499939219850364
2.079999999999999	7.6257262577814116
2.089999999999999	7.753243845748517
2.0999999999999988	7.882508663751508
2.1099999999999985	8.013537471790212
2.1199999999999983	8.146347109864461
2.129999999999998	8.280954497974088
2.139999999999998	8.417376636118926
2.1499999999999977	8.55563060429881
2.1599999999999975	8.69573356251358
2.1699999999999973	8.83770275076307
2.179999999999997	8.981555489047123
2.189999999999997	9.127309177365579
2.1999999999999966	9.274981295718282
2.2099999999999964	9.424589404105076
2.219999999999996	9.576151142525806
2.229999999999996	9.72968423098032
2.2399999999999958	9.885206469468466
2.2499999999999956	10.042735737990094
2.2599999999999953	10.202289996545057
2.269999999999995	10.363887285133204
2.279999999999995	10.527545723754391
2.2899999999999947	10.693283512408472
2.2999999999999945	10.861118931095305
2.3099999999999943	11.031070339814747
2.319999999999994	11.203156178566655
2.329999999999994	11.377394967350892
2.3399999999999936	11.553805306167316
2.3499999999999934	11.732405875015793
2.359999999999993	11.913215433896184
2.369999999999993	12.096252822808355
2.379999999999993	12.28153696175217
2.3899999999999926	12.4690868507275
2.3999999999999924	12.65892156973421
2.409999999999992	12.851060278772168
2.419999999999992	13.045522217841247
2.4299999999999917	13.242326706941318
2.4399999999999915	13.441493146072254
2.4499999999999913	13.643041015233926
2.459999999999991	13.846989874426212
2.469999999999991	14.053359363648985
2.4799999999999907	14.262169202902122
2.4899999999999904	14.4734391921855
2.4999999999999902	14.687189211499
2.50999999999999	14.903439220842499
2.51999999999999	15.122209260215879
2.5299999999999896	15.34351944961902
2.5399999999999894	15.567389989051806
2.549999999999989	15.79384115851412
2.559999999999989	16.022893318005845
2.5699999999999887	16.25456690752687
2.5799999999999885	16.488882447077074
2.5899999999999883	16.72586053665635
2.599999999999988	16.96552185626458
2.609999999999988	17.207887165901656
2.6199999999999877	17.45297730556747
2.6299999999999875	17.700813195261908
2.6399999999999872	17.951415834984864
2.649999999999987	18.20480630473623
2.659999999999987	18.461005764515896
2.6699999999999866	18.72003545432376
2.6799999999999864	18.98191669415971
2.689999999999986	19.246670884023647
2.699999999999986	19.514319503915466
2.7099999999999858	19.784884113835062
2.7199999999999855	20.058386353782332
2.7299999999999853	20.334847943757175
2.739999999999985	20.614290683759492
2.749999999999985	20.89673645378918
2.7599999999999847	21.182207213846144
2.7699999999999845	21.47072500393028
2.7799999999999843	21.762311944041492
2.789999999999984	22.056990234179683
2.799999999999984	22.354782154344754
2.8099999999999836	22.65571006453661
2.8199999999999834	22.959796404755156
2.829999999999983	23.2670636950003
2.839999999999983	23.577534535271944
2.8499999999999828	23.891231605569995
2.8599999999999826	24.208177665894365
2.8699999999999823	24.528395556244956
2.879999999999982	24.85190819662168
2.889999999999982	25.178738587024444
2.8999999999999817	25.50890980745316
2.9099999999999815	25.842445017907743
2.9199999999999813	26.179367458388096
2.929999999999981	26.519700448894135
2.939999999999981	26.863467389425768
2.9499999999999806	27.21069175998291
2.9599999999999804	27.56139712056548
2.96999999999998	27.915607111173387
2.97999999999998	28.273345451806545
2.98999999999998	28.63463594246487
2.9999999999999796	28.999502463148282
3.0099999999999794	29.36796897385669
3.019999999999979	29.740059514590016
3.029999999999979	30.115798205348177
3.0399999999999787	30.49520924613109
3.0499999999999785	30.878316916938672
3.0599999999999783	31.265145577770845
3.069999999999978	31.65571966862753
3.079999999999978	32.05006370950864
3.0899999999999777	32.4482023004141
3.0999999999999774	32.85016012134384
3.1099999999999772	33.25596193229777
3.119999999999977	33.665632573275815
3.129999999999977	34.0791969642779
3.1399999999999766	34.496680105303945
3.1499999999999764	34.91810707635388
3.159999999999976	35.34350303742762
3.169999999999976	35.77289322852509
3.1799999999999757	36.206302969646224
3.1899999999999755	36.64375766079094
3.1999999999999753	37.085282781959165
3.209999999999975	37.53090389315083
3.219999999999975	37.98064663436586
3.2299999999999747	38.43453672560418
3.2399999999999745	38.892599966865724
3.2499999999999742	39.35486223815041
3.259999999999974	39.82134949945818
3.269999999999974	40.292087790788955
3.2799999999999736	40.76710323214266
3.2899999999999734	41.24642202351923
3.299999999999973	41.7300704449186
3.309999999999973	42.2180748563407
3.3199999999999728	42.710461697785455
3.3299999999999725	43.2072574892528
3.3399999999999723	43.70848883074267
3.349999999999972	44.21418240225499
3.359999999999972	44.724364963789704
3.3699999999999717	45.23906335534674
3.3799999999999715	45.75830449692602
3.3899999999999713	46.2821153885275
3.399999999999971	46.8105231101511
3.409999999999971	47.34355482179676
3.4199999999999706	47.88123776346441
3.4299999999999704	48.423599255153995
3.43999999999997	48.97066669686544
3.44999999999997	49.52246756859869
3.4599999999999698	50.07902943035368
3.4699999999999696	50.64037992213034
3.4799999999999693	51.20654676392862
3.489999999999969	51.777557755748454
3.499999999999969	52.353440777589775
3.5099999999999687	52.934223789452524
3.5199999999999685	53.51993483133664
3.5299999999999683	54.110602023242066
3.539999999999968	54.70625356516874
3.549999999999968	55.30691773711659
3.5599999999999676	55.91262289908558
3.5699999999999674	56.52339749107563
3.579999999999967	57.13927003308668
3.589999999999967	57.76026912511869
3.599999999999967	58.38642344717159
3.6099999999999666	59.01776175924532
3.6199999999999664	59.65431290133982
3.629999999999966	60.29610579345505
3.639999999999966	60.94316943559093
3.6499999999999657	61.59553290774742
3.6599999999999655	62.25322536992446
3.6699999999999653	62.91627606212199
3.679999999999965	63.584714304339954
3.689999999999965	64.2585694965783
3.6999999999999647	64.93787111883698
3.7099999999999644	65.62264873111592
3.7199999999999642	66.31293197341508
3.729999999999964	67.00875056573439
3.739999999999964	67.71013430807382
3.7499999999999636	68.4171130804333
3.7599999999999634	69.12971684281277
3.769999999999963	69.8479756352122
3.779999999999963	70.5719195776315
3.7899999999999627	71.30157887007066
3.7999999999999625	72.03698379252961
3.8099999999999623	72.7781647050083
3.819999999999962	73.52515204750667
3.829999999999962	74.27797634002467
3.8399999999999617	75.03666818256225
3.8499999999999615	75.80125825511936
3.8599999999999612	76.57177731769596
3.869999999999961	77.34825621029199
3.879999999999961	78.1307258529074
3.8899999999999606	78.91921724554214
3.8999999999999604	79.71376146819615
3.90999999999996	80.5143896808694
3.91999999999996	81.32113312356182
3.9299999999999597	82.13402311627338
3.9399999999999595	82.95309105900402
3.9499999999999593	83.7783684317537
3.959999999999959	84.60988679452237
3.969999999999959	85.44767778730997
3.9799999999999587	86.29177313011647
3.9899999999999585	87.1422046229418
3.9999999999999583	87.99900414578595
4.009999999999958	88.86220365864884
4.019999999999958	89.73183520153043
4.029999999999958	90.60793089443068
4.039999999999957	91.49052293734954
4.049999999999957	92.37964361028696
4.059999999999957	93.2753252732429
4.069999999999957	94.1776003662173
4.0799999999999566	95.08650140921014
4.089999999999956	96.00206100222137
4.099999999999956	96.92431182525092
4.109999999999956	97.85328663829877
4.119999999999956	98.78901828136486
4.1299999999999555	99.73153967444917
4.139999999999955	100.68088381755163
4.149999999999955	101.63708379067221
4.159999999999955	102.60017275381085
4.169999999999955	103.57018394696753
4.179999999999954	104.54715069014219
4.189999999999954	105.53110638333479
4.199999999999954	106.5220845065453
4.209999999999954	107.52011861977365
4.219999999999954	108.52524236301983
4.229999999999953	109.53748945628378
4.239999999999953	110.55689369956546
4.249999999999953	111.58348897286483
4.259999999999953	112.61730923618184
4.2699999999999525	113.65838852951646
4.279999999999952	114.70676097286864
4.289999999999952	115.76246076623835
4.299999999999952	116.82552218962553
4.309999999999952	117.89597960303016
4.319999999999951	118.97386744645219
4.329999999999951	120.05922023989159
4.339999999999951	121.1520725833483
4.349999999999951	122.2524591568223
4.359999999999951	123.36041472031353
4.36999999999995	124.47597411382196
4.37999999999995	125.59917225734756
4.38999999999995	126.73004415089028
4.39999999999995	127.86862487445009
4.4099999999999495	129.01494958802695
4.419999999999949	130.16905353162082
4.429999999999949	131.33097202523163
4.439999999999949	132.5007404688594
4.449999999999949	133.67839434250405
4.4599999999999485	134.86396920616554
4.469999999999948	136.05750069984384
4.479999999999948	137.25902454353894
4.489999999999948	138.46857653725078
4.499999999999948	139.68619256097932
4.509999999999947	140.91190857472452
4.519999999999947	142.14576061848635
4.529999999999947	143.38778481226478
4.539999999999947	144.63801735605978
4.5499999999999465	145.8964945298713
4.559999999999946	147.16325269369926
4.569999999999946	148.4383282875437
4.579999999999946	149.72175783140455
4.589999999999946	151.01357792528177
4.5999999999999455	152.31382524917532
4.609999999999945	153.6225365630852
4.619999999999945	154.93974870701132
4.629999999999945	156.2654986009537
4.639999999999945	157.59982324491224
4.649999999999944	158.94275971888698
4.659999999999944	160.29434518287783
4.669999999999944	161.65461687688477
4.679999999999944	163.02361212090779
4.6899999999999435	164.4013683149468
4.699999999999943	165.78792293900185
4.709999999999943	167.18331355307282
4.719999999999943	168.58757779715972
4.729999999999943	170.00075339126252
4.7399999999999425	171.42287813538118
4.749999999999942	172.85398990951566
4.759999999999942	174.29412667366591
4.769999999999942	175.74332646783193
4.779999999999942	177.20162741201366
4.789999999999941	178.6690677062111
4.799999999999941	180.1456856304242
4.809999999999941	181.63151954465292
4.819999999999941	183.1266078888972
4.829999999999941	184.63098918315708
4.83999999999994	186.1447020274325
4.84999999999994	187.66778510172338
4.85999999999994	189.20027716602974
4.86999999999994	190.74221706035152
4.8799999999999395	192.2936437046887
4.889999999999939	193.85459609904123
4.899999999999939	195.4251133234091
4.909999999999939	197.0052345377923
4.919999999999939	198.59499898219076
4.929999999999938	200.19444597660447
4.939999999999938	201.8036149210334
4.949999999999938	203.4225452954775
4.959999999999938	205.05127665993678
4.969999999999938	206.68984865441115
4.979999999999937	208.33830099890062
4.989999999999937	209.99667349340515
4.999999999999937	211.66500601792472
5.009999999999937	213.34333853245928
